<?xml version="1.0" encoding="utf-8"?>
<CoverageSession xmlns:xsd="http://www.w3.org/2001/XMLSchema" xmlns:xsi="http://www.w3.org/2001/XMLSchema-instance" Version="4.6.0.0">
  <Summary numSequencePoints="279" visitedSequencePoints="253" numBranchPoints="82" visitedBranchPoints="66" sequenceCoverage="90.68" branchCoverage="80.49" maxCyclomaticComplexity="8" minCyclomaticComplexity="1" maxCrapScore="14.01" minCrapScore="1" visitedClasses="17" numClasses="17" visitedMethods="41" numMethods="42" />
  <Modules>
    <Module hash="71-60-A4-D0-E2-12-69-BD-25-08-CB-01-23-49-FB-79-D8-28-55-77">
      <Summary numSequencePoints="26" visitedSequencePoints="26" numBranchPoints="4" visitedBranchPoints="4" sequenceCoverage="100" branchCoverage="100" maxCyclomaticComplexity="1" minCyclomaticComplexity="1" maxCrapScore="2" minCrapScore="1" visitedClasses="1" numClasses="1" visitedMethods="4" numMethods="4" />
      <ModulePath>D:\MyExamples\PatientMonitoring\AlertingController.Test\bin\Debug\AlertingController.Test.dll</ModulePath>
      <ModuleTime>2019-09-11T19:49:24.3212519Z</ModuleTime>
      <ModuleName>AlertingController.Test</ModuleName>
      <Files>
        <File uid="1" fullPath="D:\MyExamples\PatientMonitoring\AlertingController.Test\AlertingControllerUnitTest.cs" />
      </Files>
      <Classes>
        <Class>
          <Summary numSequencePoints="26" visitedSequencePoints="26" numBranchPoints="4" visitedBranchPoints="4" sequenceCoverage="100" branchCoverage="100" maxCyclomaticComplexity="1" minCyclomaticComplexity="1" maxCrapScore="2" minCrapScore="1" visitedClasses="1" numClasses="1" visitedMethods="4" numMethods="4" />
          <FullName>AlertingController.Test.AlertingControllerUnitTest</FullName>
          <Methods>
            <Method visited="true" cyclomaticComplexity="1" nPathComplexity="0" sequenceCoverage="100" branchCoverage="100" crapScore="1" isConstructor="false" isStatic="false" isGetter="false" isSetter="false">
              <Summary numSequencePoints="8" visitedSequencePoints="8" numBranchPoints="1" visitedBranchPoints="1" sequenceCoverage="100" branchCoverage="100" maxCyclomaticComplexity="1" minCyclomaticComplexity="1" maxCrapScore="1" minCrapScore="1" visitedClasses="0" numClasses="0" visitedMethods="1" numMethods="1" />
              <MetadataToken>100663297</MetadataToken>
              <Name>System.Void AlertingController.Test.AlertingControllerUnitTest::Given_PatientId_When_ReadPatientVitalSigns_Invoke_Then_Valid_Result_Asserted()</Name>
              <FileRef uid="1" />
              <SequencePoints>
                <SequencePoint vc="1" uspid="1" ordinal="0" offset="0" sl="12" sc="9" el="12" ec="10" bec="0" bev="0" fileid="1">
                  <TrackedMethodRefs>
                    <TrackedMethodRef uid="1" vc="1" />
                  </TrackedMethodRefs>
                </SequencePoint>
                <SequencePoint vc="1" uspid="2" ordinal="1" offset="1" sl="13" sc="13" el="13" ec="74" bec="0" bev="0" fileid="1">
                  <TrackedMethodRefs>
                    <TrackedMethodRef uid="1" vc="1" />
                  </TrackedMethodRefs>
                </SequencePoint>
                <SequencePoint vc="1" uspid="3" ordinal="2" offset="7" sl="14" sc="13" el="14" ec="94" bec="0" bev="0" fileid="1">
                  <TrackedMethodRefs>
                    <TrackedMethodRef uid="1" vc="1" />
                  </TrackedMethodRefs>
                </SequencePoint>
                <SequencePoint vc="1" uspid="4" ordinal="3" offset="13" sl="15" sc="13" el="15" ec="68" bec="0" bev="0" fileid="1">
                  <TrackedMethodRefs>
                    <TrackedMethodRef uid="1" vc="1" />
                  </TrackedMethodRefs>
                </SequencePoint>
                <SequencePoint vc="1" uspid="5" ordinal="4" offset="26" sl="17" sc="13" el="17" ec="128" bec="0" bev="0" fileid="1">
                  <TrackedMethodRefs>
                    <TrackedMethodRef uid="1" vc="1" />
                  </TrackedMethodRefs>
                </SequencePoint>
                <SequencePoint vc="1" uspid="6" ordinal="5" offset="32" sl="18" sc="13" el="18" ec="79" bec="0" bev="0" fileid="1">
                  <TrackedMethodRefs>
                    <TrackedMethodRef uid="1" vc="1" />
                  </TrackedMethodRefs>
                </SequencePoint>
                <SequencePoint vc="1" uspid="7" ordinal="6" offset="44" sl="19" sc="13" el="19" ec="46" bec="0" bev="0" fileid="1">
                  <TrackedMethodRefs>
                    <TrackedMethodRef uid="1" vc="1" />
                  </TrackedMethodRefs>
                </SequencePoint>
                <SequencePoint vc="1" uspid="8" ordinal="7" offset="52" sl="20" sc="9" el="20" ec="10" bec="0" bev="0" fileid="1">
                  <TrackedMethodRefs>
                    <TrackedMethodRef uid="1" vc="1" />
                  </TrackedMethodRefs>
                </SequencePoint>
              </SequencePoints>
              <BranchPoints />
              <MethodPoint xsi:type="SequencePoint" vc="1" uspid="1" ordinal="0" offset="0" sl="12" sc="9" el="12" ec="10" bec="0" bev="0" fileid="1">
                <TrackedMethodRefs>
                  <TrackedMethodRef uid="1" vc="1" />
                </TrackedMethodRefs>
              </MethodPoint>
            </Method>
            <Method visited="true" cyclomaticComplexity="1" nPathComplexity="0" sequenceCoverage="100" branchCoverage="100" crapScore="1" isConstructor="false" isStatic="false" isGetter="false" isSetter="false">
              <Summary numSequencePoints="6" visitedSequencePoints="6" numBranchPoints="1" visitedBranchPoints="1" sequenceCoverage="100" branchCoverage="100" maxCyclomaticComplexity="1" minCyclomaticComplexity="1" maxCrapScore="1" minCrapScore="1" visitedClasses="0" numClasses="0" visitedMethods="1" numMethods="1" />
              <MetadataToken>100663298</MetadataToken>
              <Name>System.Void AlertingController.Test.AlertingControllerUnitTest::Given_Valid_Argument_When_ValidatePulseRate_Invoke_Then_Valid_Result_Asserted()</Name>
              <FileRef uid="1" />
              <SequencePoints>
                <SequencePoint vc="1" uspid="9" ordinal="0" offset="0" sl="23" sc="9" el="23" ec="10" bec="0" bev="0" fileid="1">
                  <TrackedMethodRefs>
                    <TrackedMethodRef uid="2" vc="1" />
                  </TrackedMethodRefs>
                </SequencePoint>
                <SequencePoint vc="1" uspid="10" ordinal="1" offset="1" sl="24" sc="13" el="24" ec="124" bec="0" bev="0" fileid="1">
                  <TrackedMethodRefs>
                    <TrackedMethodRef uid="2" vc="1" />
                  </TrackedMethodRefs>
                </SequencePoint>
                <SequencePoint vc="1" uspid="11" ordinal="2" offset="7" sl="25" sc="13" el="25" ec="76" bec="0" bev="0" fileid="1">
                  <TrackedMethodRefs>
                    <TrackedMethodRef uid="2" vc="1" />
                  </TrackedMethodRefs>
                </SequencePoint>
                <SequencePoint vc="1" uspid="12" ordinal="3" offset="24" sl="26" sc="13" el="26" ec="106" bec="0" bev="0" fileid="1">
                  <TrackedMethodRefs>
                    <TrackedMethodRef uid="2" vc="1" />
                  </TrackedMethodRefs>
                </SequencePoint>
                <SequencePoint vc="1" uspid="13" ordinal="4" offset="30" sl="27" sc="13" el="27" ec="47" bec="0" bev="0" fileid="1">
                  <TrackedMethodRefs>
                    <TrackedMethodRef uid="2" vc="1" />
                  </TrackedMethodRefs>
                </SequencePoint>
                <SequencePoint vc="1" uspid="14" ordinal="5" offset="38" sl="28" sc="9" el="28" ec="10" bec="0" bev="0" fileid="1">
                  <TrackedMethodRefs>
                    <TrackedMethodRef uid="2" vc="1" />
                  </TrackedMethodRefs>
                </SequencePoint>
              </SequencePoints>
              <BranchPoints />
              <MethodPoint xsi:type="SequencePoint" vc="1" uspid="9" ordinal="0" offset="0" sl="23" sc="9" el="23" ec="10" bec="0" bev="0" fileid="1">
                <TrackedMethodRefs>
                  <TrackedMethodRef uid="2" vc="1" />
                </TrackedMethodRefs>
              </MethodPoint>
            </Method>
            <Method visited="true" cyclomaticComplexity="1" nPathComplexity="0" sequenceCoverage="100" branchCoverage="100" crapScore="1" isConstructor="false" isStatic="false" isGetter="false" isSetter="false">
              <Summary numSequencePoints="6" visitedSequencePoints="6" numBranchPoints="1" visitedBranchPoints="1" sequenceCoverage="100" branchCoverage="100" maxCyclomaticComplexity="1" minCyclomaticComplexity="1" maxCrapScore="1" minCrapScore="1" visitedClasses="0" numClasses="0" visitedMethods="1" numMethods="1" />
              <MetadataToken>100663299</MetadataToken>
              <Name>System.Void AlertingController.Test.AlertingControllerUnitTest::Given_Valid_Argument_When_ValidateSpo2_Invoke_Then_Valid_Result_Asserted()</Name>
              <FileRef uid="1" />
              <SequencePoints>
                <SequencePoint vc="1" uspid="15" ordinal="0" offset="0" sl="31" sc="9" el="31" ec="10" bec="0" bev="0" fileid="1">
                  <TrackedMethodRefs>
                    <TrackedMethodRef uid="3" vc="1" />
                  </TrackedMethodRefs>
                </SequencePoint>
                <SequencePoint vc="1" uspid="16" ordinal="1" offset="1" sl="32" sc="13" el="32" ec="124" bec="0" bev="0" fileid="1">
                  <TrackedMethodRefs>
                    <TrackedMethodRef uid="3" vc="1" />
                  </TrackedMethodRefs>
                </SequencePoint>
                <SequencePoint vc="1" uspid="17" ordinal="2" offset="7" sl="33" sc="13" el="33" ec="72" bec="0" bev="0" fileid="1">
                  <TrackedMethodRefs>
                    <TrackedMethodRef uid="3" vc="1" />
                  </TrackedMethodRefs>
                </SequencePoint>
                <SequencePoint vc="1" uspid="18" ordinal="3" offset="24" sl="34" sc="13" el="34" ec="94" bec="0" bev="0" fileid="1">
                  <TrackedMethodRefs>
                    <TrackedMethodRef uid="3" vc="1" />
                  </TrackedMethodRefs>
                </SequencePoint>
                <SequencePoint vc="1" uspid="19" ordinal="4" offset="30" sl="35" sc="13" el="35" ec="47" bec="0" bev="0" fileid="1">
                  <TrackedMethodRefs>
                    <TrackedMethodRef uid="3" vc="1" />
                  </TrackedMethodRefs>
                </SequencePoint>
                <SequencePoint vc="1" uspid="20" ordinal="5" offset="38" sl="36" sc="9" el="36" ec="10" bec="0" bev="0" fileid="1">
                  <TrackedMethodRefs>
                    <TrackedMethodRef uid="3" vc="1" />
                  </TrackedMethodRefs>
                </SequencePoint>
              </SequencePoints>
              <BranchPoints />
              <MethodPoint xsi:type="SequencePoint" vc="1" uspid="15" ordinal="0" offset="0" sl="31" sc="9" el="31" ec="10" bec="0" bev="0" fileid="1">
                <TrackedMethodRefs>
                  <TrackedMethodRef uid="3" vc="1" />
                </TrackedMethodRefs>
              </MethodPoint>
            </Method>
            <Method visited="true" cyclomaticComplexity="1" nPathComplexity="0" sequenceCoverage="100" branchCoverage="100" crapScore="1" isConstructor="false" isStatic="false" isGetter="false" isSetter="false">
              <Summary numSequencePoints="6" visitedSequencePoints="6" numBranchPoints="1" visitedBranchPoints="1" sequenceCoverage="100" branchCoverage="100" maxCyclomaticComplexity="1" minCyclomaticComplexity="1" maxCrapScore="1" minCrapScore="1" visitedClasses="0" numClasses="0" visitedMethods="1" numMethods="1" />
              <MetadataToken>100663300</MetadataToken>
              <Name>System.Void AlertingController.Test.AlertingControllerUnitTest::Given_Valid_Argument_When_Temperature_Invoke_Then_Valid_Result_Asserted()</Name>
              <FileRef uid="1" />
              <SequencePoints>
                <SequencePoint vc="1" uspid="21" ordinal="0" offset="0" sl="39" sc="9" el="39" ec="10" bec="0" bev="0" fileid="1">
                  <TrackedMethodRefs>
                    <TrackedMethodRef uid="4" vc="1" />
                  </TrackedMethodRefs>
                </SequencePoint>
                <SequencePoint vc="1" uspid="22" ordinal="1" offset="1" sl="40" sc="13" el="40" ec="124" bec="0" bev="0" fileid="1">
                  <TrackedMethodRefs>
                    <TrackedMethodRef uid="4" vc="1" />
                  </TrackedMethodRefs>
                </SequencePoint>
                <SequencePoint vc="1" uspid="23" ordinal="2" offset="7" sl="41" sc="13" el="41" ec="79" bec="0" bev="0" fileid="1">
                  <TrackedMethodRefs>
                    <TrackedMethodRef uid="4" vc="1" />
                  </TrackedMethodRefs>
                </SequencePoint>
                <SequencePoint vc="1" uspid="24" ordinal="3" offset="24" sl="42" sc="13" el="42" ec="107" bec="0" bev="0" fileid="1">
                  <TrackedMethodRefs>
                    <TrackedMethodRef uid="4" vc="1" />
                  </TrackedMethodRefs>
                </SequencePoint>
                <SequencePoint vc="1" uspid="25" ordinal="4" offset="30" sl="43" sc="13" el="43" ec="47" bec="0" bev="0" fileid="1">
                  <TrackedMethodRefs>
                    <TrackedMethodRef uid="4" vc="1" />
                  </TrackedMethodRefs>
                </SequencePoint>
                <SequencePoint vc="1" uspid="26" ordinal="5" offset="38" sl="44" sc="9" el="44" ec="10" bec="0" bev="0" fileid="1">
                  <TrackedMethodRefs>
                    <TrackedMethodRef uid="4" vc="1" />
                  </TrackedMethodRefs>
                </SequencePoint>
              </SequencePoints>
              <BranchPoints />
              <MethodPoint xsi:type="SequencePoint" vc="1" uspid="21" ordinal="0" offset="0" sl="39" sc="9" el="39" ec="10" bec="0" bev="0" fileid="1">
                <TrackedMethodRefs>
                  <TrackedMethodRef uid="4" vc="1" />
                </TrackedMethodRefs>
              </MethodPoint>
            </Method>
            <Method visited="false" cyclomaticComplexity="1" nPathComplexity="0" sequenceCoverage="0" branchCoverage="0" crapScore="2" isConstructor="true" isStatic="false" isGetter="false" isSetter="false">
              <Summary numSequencePoints="0" visitedSequencePoints="0" numBranchPoints="0" visitedBranchPoints="0" sequenceCoverage="0" branchCoverage="0" maxCyclomaticComplexity="1" minCyclomaticComplexity="1" maxCrapScore="2" minCrapScore="2" visitedClasses="0" numClasses="0" visitedMethods="0" numMethods="0" />
              <MetadataToken>100663301</MetadataToken>
              <Name>System.Void AlertingController.Test.AlertingControllerUnitTest::.ctor()</Name>
              <SequencePoints />
              <BranchPoints />
              <MethodPoint vc="0" uspid="27" ordinal="0" offset="0" />
            </Method>
          </Methods>
        </Class>
      </Classes>
      <TrackedMethods>
        <TrackedMethod uid="1" token="100663297" name="System.Void AlertingController.Test.AlertingControllerUnitTest::Given_PatientId_When_ReadPatientVitalSigns_Invoke_Then_Valid_Result_Asserted()" strategy="MSTestTest" />
        <TrackedMethod uid="2" token="100663298" name="System.Void AlertingController.Test.AlertingControllerUnitTest::Given_Valid_Argument_When_ValidatePulseRate_Invoke_Then_Valid_Result_Asserted()" strategy="MSTestTest" />
        <TrackedMethod uid="3" token="100663299" name="System.Void AlertingController.Test.AlertingControllerUnitTest::Given_Valid_Argument_When_ValidateSpo2_Invoke_Then_Valid_Result_Asserted()" strategy="MSTestTest" />
        <TrackedMethod uid="4" token="100663300" name="System.Void AlertingController.Test.AlertingControllerUnitTest::Given_Valid_Argument_When_Temperature_Invoke_Then_Valid_Result_Asserted()" strategy="MSTestTest" />
      </TrackedMethods>
    </Module>
    <Module hash="79-6C-F2-89-24-28-92-02-BA-E4-C4-E8-D7-A1-94-0F-EE-1A-EC-C5">
      <Summary numSequencePoints="13" visitedSequencePoints="13" numBranchPoints="5" visitedBranchPoints="3" sequenceCoverage="100" branchCoverage="60" maxCyclomaticComplexity="3" minCyclomaticComplexity="1" maxCrapScore="3" minCrapScore="2" visitedClasses="1" numClasses="1" visitedMethods="1" numMethods="1" />
      <ModulePath>D:\MyExamples\PatientMonitoring\AlertingController.Test\bin\Debug\PatientVitalSignWriterLib.dll</ModulePath>
      <ModuleTime>2019-09-11T19:49:21.818684Z</ModuleTime>
      <ModuleName>PatientVitalSignWriterLib</ModuleName>
      <Files>
        <File uid="3" fullPath="D:\MyExamples\PatientMonitoring\PatientVitalSignWriterLib\PatientVitalSignWriter.cs" />
      </Files>
      <Classes>
        <Class>
          <Summary numSequencePoints="13" visitedSequencePoints="13" numBranchPoints="5" visitedBranchPoints="3" sequenceCoverage="100" branchCoverage="60" maxCyclomaticComplexity="3" minCyclomaticComplexity="1" maxCrapScore="3" minCrapScore="2" visitedClasses="1" numClasses="1" visitedMethods="1" numMethods="1" />
          <FullName>PatientVitalSignWriterLib.PatientVitalSignWriter</FullName>
          <Methods>
            <Method visited="true" cyclomaticComplexity="3" nPathComplexity="4" sequenceCoverage="100" branchCoverage="60" crapScore="3" isConstructor="false" isStatic="false" isGetter="false" isSetter="false">
              <Summary numSequencePoints="13" visitedSequencePoints="13" numBranchPoints="5" visitedBranchPoints="3" sequenceCoverage="100" branchCoverage="60" maxCyclomaticComplexity="3" minCyclomaticComplexity="3" maxCrapScore="3" minCrapScore="3" visitedClasses="0" numClasses="0" visitedMethods="1" numMethods="1" />
              <MetadataToken>100663297</MetadataToken>
              <Name>System.Void PatientVitalSignWriterLib.PatientVitalSignWriter::StorePatientVitalSigns(System.String,System.String)</Name>
              <FileRef uid="3" />
              <SequencePoints>
                <SequencePoint vc="4" uspid="28" ordinal="0" offset="0" sl="10" sc="9" el="10" ec="10" bec="0" bev="0" fileid="3">
                  <TrackedMethodRefs>
                    <TrackedMethodRef uid="1" vc="1" />
                    <TrackedMethodRef uid="5" vc="1" />
                    <TrackedMethodRef uid="14" vc="1" />
                    <TrackedMethodRef uid="17" vc="1" />
                  </TrackedMethodRefs>
                </SequencePoint>
                <SequencePoint vc="4" uspid="29" ordinal="1" offset="1" sl="11" sc="13" el="11" ec="54" bec="2" bev="1" fileid="3">
                  <TrackedMethodRefs>
                    <TrackedMethodRef uid="1" vc="1" />
                    <TrackedMethodRef uid="5" vc="1" />
                    <TrackedMethodRef uid="14" vc="1" />
                    <TrackedMethodRef uid="17" vc="1" />
                  </TrackedMethodRefs>
                </SequencePoint>
                <SequencePoint vc="4" uspid="30" ordinal="2" offset="13" sl="12" sc="13" el="12" ec="14" bec="0" bev="0" fileid="3">
                  <TrackedMethodRefs>
                    <TrackedMethodRef uid="1" vc="1" />
                    <TrackedMethodRef uid="5" vc="1" />
                    <TrackedMethodRef uid="14" vc="1" />
                    <TrackedMethodRef uid="17" vc="1" />
                  </TrackedMethodRefs>
                </SequencePoint>
                <SequencePoint vc="4" uspid="31" ordinal="3" offset="14" sl="13" sc="17" el="13" ec="55" bec="0" bev="0" fileid="3">
                  <TrackedMethodRefs>
                    <TrackedMethodRef uid="1" vc="1" />
                    <TrackedMethodRef uid="5" vc="1" />
                    <TrackedMethodRef uid="14" vc="1" />
                    <TrackedMethodRef uid="17" vc="1" />
                  </TrackedMethodRefs>
                </SequencePoint>
                <SequencePoint vc="4" uspid="32" ordinal="4" offset="16" sl="14" sc="17" el="14" ec="74" bec="2" bev="1" fileid="3">
                  <TrackedMethodRefs>
                    <TrackedMethodRef uid="1" vc="1" />
                    <TrackedMethodRef uid="5" vc="1" />
                    <TrackedMethodRef uid="14" vc="1" />
                    <TrackedMethodRef uid="17" vc="1" />
                  </TrackedMethodRefs>
                </SequencePoint>
                <SequencePoint vc="4" uspid="33" ordinal="5" offset="34" sl="15" sc="17" el="15" ec="18" bec="0" bev="0" fileid="3">
                  <TrackedMethodRefs>
                    <TrackedMethodRef uid="1" vc="1" />
                    <TrackedMethodRef uid="5" vc="1" />
                    <TrackedMethodRef uid="14" vc="1" />
                    <TrackedMethodRef uid="17" vc="1" />
                  </TrackedMethodRefs>
                </SequencePoint>
                <SequencePoint vc="4" uspid="34" ordinal="6" offset="35" sl="16" sc="21" el="16" ec="60" bec="0" bev="0" fileid="3">
                  <TrackedMethodRefs>
                    <TrackedMethodRef uid="1" vc="1" />
                    <TrackedMethodRef uid="5" vc="1" />
                    <TrackedMethodRef uid="14" vc="1" />
                    <TrackedMethodRef uid="17" vc="1" />
                  </TrackedMethodRefs>
                </SequencePoint>
                <SequencePoint vc="4" uspid="35" ordinal="7" offset="41" sl="17" sc="21" el="17" ec="83" bec="0" bev="0" fileid="3">
                  <TrackedMethodRefs>
                    <TrackedMethodRef uid="1" vc="1" />
                    <TrackedMethodRef uid="5" vc="1" />
                    <TrackedMethodRef uid="14" vc="1" />
                    <TrackedMethodRef uid="17" vc="1" />
                  </TrackedMethodRefs>
                </SequencePoint>
                <SequencePoint vc="4" uspid="36" ordinal="8" offset="54" sl="18" sc="17" el="18" ec="18" bec="0" bev="0" fileid="3">
                  <TrackedMethodRefs>
                    <TrackedMethodRef uid="1" vc="1" />
                    <TrackedMethodRef uid="5" vc="1" />
                    <TrackedMethodRef uid="14" vc="1" />
                    <TrackedMethodRef uid="17" vc="1" />
                  </TrackedMethodRefs>
                </SequencePoint>
                <SequencePoint vc="4" uspid="37" ordinal="9" offset="55" sl="19" sc="17" el="19" ec="76" bec="0" bev="0" fileid="3">
                  <TrackedMethodRefs>
                    <TrackedMethodRef uid="1" vc="1" />
                    <TrackedMethodRef uid="5" vc="1" />
                    <TrackedMethodRef uid="14" vc="1" />
                    <TrackedMethodRef uid="17" vc="1" />
                  </TrackedMethodRefs>
                </SequencePoint>
                <SequencePoint vc="4" uspid="38" ordinal="10" offset="67" sl="21" sc="17" el="21" ec="52" bec="0" bev="0" fileid="3">
                  <TrackedMethodRefs>
                    <TrackedMethodRef uid="1" vc="1" />
                    <TrackedMethodRef uid="5" vc="1" />
                    <TrackedMethodRef uid="14" vc="1" />
                    <TrackedMethodRef uid="17" vc="1" />
                  </TrackedMethodRefs>
                </SequencePoint>
                <SequencePoint vc="4" uspid="39" ordinal="11" offset="75" sl="22" sc="13" el="22" ec="14" bec="0" bev="0" fileid="3">
                  <TrackedMethodRefs>
                    <TrackedMethodRef uid="1" vc="1" />
                    <TrackedMethodRef uid="5" vc="1" />
                    <TrackedMethodRef uid="14" vc="1" />
                    <TrackedMethodRef uid="17" vc="1" />
                  </TrackedMethodRefs>
                </SequencePoint>
                <SequencePoint vc="4" uspid="40" ordinal="12" offset="76" sl="23" sc="9" el="23" ec="10" bec="0" bev="0" fileid="3">
                  <TrackedMethodRefs>
                    <TrackedMethodRef uid="1" vc="1" />
                    <TrackedMethodRef uid="5" vc="1" />
                    <TrackedMethodRef uid="14" vc="1" />
                    <TrackedMethodRef uid="17" vc="1" />
                  </TrackedMethodRefs>
                </SequencePoint>
              </SequencePoints>
              <BranchPoints>
                <BranchPoint vc="4" uspid="41" ordinal="0" offset="11" sl="11" path="0" offsetend="13" fileid="3">
                  <TrackedMethodRefs>
                    <TrackedMethodRef uid="1" vc="1" />
                    <TrackedMethodRef uid="5" vc="1" />
                    <TrackedMethodRef uid="14" vc="1" />
                    <TrackedMethodRef uid="17" vc="1" />
                  </TrackedMethodRefs>
                </BranchPoint>
                <BranchPoint vc="0" uspid="42" ordinal="1" offset="11" sl="11" path="1" offsetend="76" fileid="3" />
                <BranchPoint vc="4" uspid="43" ordinal="2" offset="32" sl="14" path="0" offsetend="34" fileid="3">
                  <TrackedMethodRefs>
                    <TrackedMethodRef uid="1" vc="1" />
                    <TrackedMethodRef uid="5" vc="1" />
                    <TrackedMethodRef uid="14" vc="1" />
                    <TrackedMethodRef uid="17" vc="1" />
                  </TrackedMethodRefs>
                </BranchPoint>
                <BranchPoint vc="0" uspid="44" ordinal="3" offset="32" sl="14" path="1" offsetend="55" fileid="3" />
              </BranchPoints>
              <MethodPoint xsi:type="SequencePoint" vc="4" uspid="28" ordinal="0" offset="0" sl="10" sc="9" el="10" ec="10" bec="0" bev="0" fileid="3">
                <TrackedMethodRefs>
                  <TrackedMethodRef uid="1" vc="1" />
                  <TrackedMethodRef uid="5" vc="1" />
                  <TrackedMethodRef uid="14" vc="1" />
                  <TrackedMethodRef uid="17" vc="1" />
                </TrackedMethodRefs>
              </MethodPoint>
            </Method>
            <Method visited="false" cyclomaticComplexity="1" nPathComplexity="0" sequenceCoverage="0" branchCoverage="0" crapScore="2" isConstructor="true" isStatic="false" isGetter="false" isSetter="false">
              <Summary numSequencePoints="0" visitedSequencePoints="0" numBranchPoints="0" visitedBranchPoints="0" sequenceCoverage="0" branchCoverage="0" maxCyclomaticComplexity="1" minCyclomaticComplexity="1" maxCrapScore="2" minCrapScore="2" visitedClasses="0" numClasses="0" visitedMethods="0" numMethods="0" />
              <MetadataToken>100663298</MetadataToken>
              <Name>System.Void PatientVitalSignWriterLib.PatientVitalSignWriter::.ctor()</Name>
              <SequencePoints />
              <BranchPoints />
              <MethodPoint vc="0" uspid="45" ordinal="0" offset="0" />
            </Method>
          </Methods>
        </Class>
      </Classes>
      <TrackedMethods />
    </Module>
    <Module hash="BA-4E-01-52-61-53-9B-B7-35-FC-7C-9D-56-72-0F-96-26-9F-53-A7">
      <Summary numSequencePoints="0" visitedSequencePoints="0" numBranchPoints="0" visitedBranchPoints="0" sequenceCoverage="0" branchCoverage="0" maxCyclomaticComplexity="0" minCyclomaticComplexity="0" maxCrapScore="0" minCrapScore="0" visitedClasses="0" numClasses="0" visitedMethods="0" numMethods="0" />
      <ModulePath>D:\MyExamples\PatientMonitoring\AlertingController.Test\bin\Debug\PatientVitalSignWriterContractLib.dll</ModulePath>
      <ModuleTime>2019-09-11T19:49:20.113653Z</ModuleTime>
      <ModuleName>PatientVitalSignWriterContractLib</ModuleName>
      <Files />
      <Classes />
      <TrackedMethods />
    </Module>
    <Module hash="3F-0D-61-99-A1-E2-AC-FA-46-81-BB-EA-73-51-F2-33-8E-10-70-BC">
      <Summary numSequencePoints="16" visitedSequencePoints="16" numBranchPoints="5" visitedBranchPoints="5" sequenceCoverage="100" branchCoverage="100" maxCyclomaticComplexity="1" minCyclomaticComplexity="1" maxCrapScore="1" minCrapScore="1" visitedClasses="1" numClasses="1" visitedMethods="5" numMethods="5" />
      <ModulePath>D:\MyExamples\PatientMonitoring\AlertingController.Test\bin\Debug\AlertingSystemControllerLib.dll</ModulePath>
      <ModuleTime>2019-09-11T19:49:22.2584295Z</ModuleTime>
      <ModuleName>AlertingSystemControllerLib</ModuleName>
      <Files>
        <File uid="5" fullPath="D:\MyExamples\PatientMonitoring\AlertingSystemControllerLib\AlertingController.cs" />
      </Files>
      <Classes>
        <Class>
          <Summary numSequencePoints="16" visitedSequencePoints="16" numBranchPoints="5" visitedBranchPoints="5" sequenceCoverage="100" branchCoverage="100" maxCyclomaticComplexity="1" minCyclomaticComplexity="1" maxCrapScore="1" minCrapScore="1" visitedClasses="1" numClasses="1" visitedMethods="5" numMethods="5" />
          <FullName>AlertingSystemControllerLib.AlertingController</FullName>
          <Methods>
            <Method visited="true" cyclomaticComplexity="1" nPathComplexity="0" sequenceCoverage="100" branchCoverage="100" crapScore="1" isConstructor="false" isStatic="false" isGetter="false" isSetter="false">
              <Summary numSequencePoints="3" visitedSequencePoints="3" numBranchPoints="1" visitedBranchPoints="1" sequenceCoverage="100" branchCoverage="100" maxCyclomaticComplexity="1" minCyclomaticComplexity="1" maxCrapScore="1" minCrapScore="1" visitedClasses="0" numClasses="0" visitedMethods="1" numMethods="1" />
              <MetadataToken>100663297</MetadataToken>
              <Name>System.String AlertingSystemControllerLib.AlertingController::ReadPatientVitalSigns(System.String)</Name>
              <FileRef uid="5" />
              <SequencePoints>
                <SequencePoint vc="1" uspid="46" ordinal="0" offset="0" sl="14" sc="9" el="14" ec="10" bec="0" bev="0" fileid="5">
                  <TrackedMethodRefs>
                    <TrackedMethodRef uid="1" vc="1" />
                  </TrackedMethodRefs>
                </SequencePoint>
                <SequencePoint vc="1" uspid="47" ordinal="1" offset="1" sl="15" sc="13" el="15" ec="60" bec="0" bev="0" fileid="5">
                  <TrackedMethodRefs>
                    <TrackedMethodRef uid="1" vc="1" />
                  </TrackedMethodRefs>
                </SequencePoint>
                <SequencePoint vc="1" uspid="48" ordinal="2" offset="16" sl="16" sc="9" el="16" ec="10" bec="0" bev="0" fileid="5">
                  <TrackedMethodRefs>
                    <TrackedMethodRef uid="1" vc="1" />
                  </TrackedMethodRefs>
                </SequencePoint>
              </SequencePoints>
              <BranchPoints />
              <MethodPoint xsi:type="SequencePoint" vc="1" uspid="46" ordinal="0" offset="0" sl="14" sc="9" el="14" ec="10" bec="0" bev="0" fileid="5">
                <TrackedMethodRefs>
                  <TrackedMethodRef uid="1" vc="1" />
                </TrackedMethodRefs>
              </MethodPoint>
            </Method>
            <Method visited="true" cyclomaticComplexity="1" nPathComplexity="0" sequenceCoverage="100" branchCoverage="100" crapScore="1" isConstructor="false" isStatic="false" isGetter="false" isSetter="false">
              <Summary numSequencePoints="3" visitedSequencePoints="3" numBranchPoints="1" visitedBranchPoints="1" sequenceCoverage="100" branchCoverage="100" maxCyclomaticComplexity="1" minCyclomaticComplexity="1" maxCrapScore="1" minCrapScore="1" visitedClasses="0" numClasses="0" visitedMethods="1" numMethods="1" />
              <MetadataToken>100663298</MetadataToken>
              <Name>System.String AlertingSystemControllerLib.AlertingController::ValidatePulseRate(System.String,System.String)</Name>
              <FileRef uid="5" />
              <SequencePoints>
                <SequencePoint vc="1" uspid="49" ordinal="0" offset="0" sl="19" sc="9" el="19" ec="10" bec="0" bev="0" fileid="5">
                  <TrackedMethodRefs>
                    <TrackedMethodRef uid="2" vc="1" />
                  </TrackedMethodRefs>
                </SequencePoint>
                <SequencePoint vc="1" uspid="50" ordinal="1" offset="1" sl="20" sc="12" el="20" ec="78" bec="0" bev="0" fileid="5">
                  <TrackedMethodRefs>
                    <TrackedMethodRef uid="2" vc="1" />
                  </TrackedMethodRefs>
                </SequencePoint>
                <SequencePoint vc="1" uspid="51" ordinal="2" offset="17" sl="21" sc="9" el="21" ec="10" bec="0" bev="0" fileid="5">
                  <TrackedMethodRefs>
                    <TrackedMethodRef uid="2" vc="1" />
                  </TrackedMethodRefs>
                </SequencePoint>
              </SequencePoints>
              <BranchPoints />
              <MethodPoint xsi:type="SequencePoint" vc="1" uspid="49" ordinal="0" offset="0" sl="19" sc="9" el="19" ec="10" bec="0" bev="0" fileid="5">
                <TrackedMethodRefs>
                  <TrackedMethodRef uid="2" vc="1" />
                </TrackedMethodRefs>
              </MethodPoint>
            </Method>
            <Method visited="true" cyclomaticComplexity="1" nPathComplexity="0" sequenceCoverage="100" branchCoverage="100" crapScore="1" isConstructor="false" isStatic="false" isGetter="false" isSetter="false">
              <Summary numSequencePoints="3" visitedSequencePoints="3" numBranchPoints="1" visitedBranchPoints="1" sequenceCoverage="100" branchCoverage="100" maxCyclomaticComplexity="1" minCyclomaticComplexity="1" maxCrapScore="1" minCrapScore="1" visitedClasses="0" numClasses="0" visitedMethods="1" numMethods="1" />
              <MetadataToken>100663299</MetadataToken>
              <Name>System.String AlertingSystemControllerLib.AlertingController::ValidateSpo2(System.String,System.String)</Name>
              <FileRef uid="5" />
              <SequencePoints>
                <SequencePoint vc="1" uspid="52" ordinal="0" offset="0" sl="24" sc="9" el="24" ec="10" bec="0" bev="0" fileid="5">
                  <TrackedMethodRefs>
                    <TrackedMethodRef uid="3" vc="1" />
                  </TrackedMethodRefs>
                </SequencePoint>
                <SequencePoint vc="1" uspid="53" ordinal="1" offset="1" sl="25" sc="13" el="25" ec="69" bec="0" bev="0" fileid="5">
                  <TrackedMethodRefs>
                    <TrackedMethodRef uid="3" vc="1" />
                  </TrackedMethodRefs>
                </SequencePoint>
                <SequencePoint vc="1" uspid="54" ordinal="2" offset="17" sl="26" sc="9" el="26" ec="10" bec="0" bev="0" fileid="5">
                  <TrackedMethodRefs>
                    <TrackedMethodRef uid="3" vc="1" />
                  </TrackedMethodRefs>
                </SequencePoint>
              </SequencePoints>
              <BranchPoints />
              <MethodPoint xsi:type="SequencePoint" vc="1" uspid="52" ordinal="0" offset="0" sl="24" sc="9" el="24" ec="10" bec="0" bev="0" fileid="5">
                <TrackedMethodRefs>
                  <TrackedMethodRef uid="3" vc="1" />
                </TrackedMethodRefs>
              </MethodPoint>
            </Method>
            <Method visited="true" cyclomaticComplexity="1" nPathComplexity="0" sequenceCoverage="100" branchCoverage="100" crapScore="1" isConstructor="false" isStatic="false" isGetter="false" isSetter="false">
              <Summary numSequencePoints="3" visitedSequencePoints="3" numBranchPoints="1" visitedBranchPoints="1" sequenceCoverage="100" branchCoverage="100" maxCyclomaticComplexity="1" minCyclomaticComplexity="1" maxCrapScore="1" minCrapScore="1" visitedClasses="0" numClasses="0" visitedMethods="1" numMethods="1" />
              <MetadataToken>100663300</MetadataToken>
              <Name>System.String AlertingSystemControllerLib.AlertingController::ValidateTemperature(System.String,System.String)</Name>
              <FileRef uid="5" />
              <SequencePoints>
                <SequencePoint vc="1" uspid="55" ordinal="0" offset="0" sl="29" sc="9" el="29" ec="10" bec="0" bev="0" fileid="5">
                  <TrackedMethodRefs>
                    <TrackedMethodRef uid="4" vc="1" />
                  </TrackedMethodRefs>
                </SequencePoint>
                <SequencePoint vc="1" uspid="56" ordinal="1" offset="1" sl="30" sc="13" el="30" ec="84" bec="0" bev="0" fileid="5">
                  <TrackedMethodRefs>
                    <TrackedMethodRef uid="4" vc="1" />
                  </TrackedMethodRefs>
                </SequencePoint>
                <SequencePoint vc="1" uspid="57" ordinal="2" offset="17" sl="31" sc="9" el="31" ec="10" bec="0" bev="0" fileid="5">
                  <TrackedMethodRefs>
                    <TrackedMethodRef uid="4" vc="1" />
                  </TrackedMethodRefs>
                </SequencePoint>
              </SequencePoints>
              <BranchPoints />
              <MethodPoint xsi:type="SequencePoint" vc="1" uspid="55" ordinal="0" offset="0" sl="29" sc="9" el="29" ec="10" bec="0" bev="0" fileid="5">
                <TrackedMethodRefs>
                  <TrackedMethodRef uid="4" vc="1" />
                </TrackedMethodRefs>
              </MethodPoint>
            </Method>
            <Method visited="true" cyclomaticComplexity="1" nPathComplexity="0" sequenceCoverage="100" branchCoverage="100" crapScore="1" isConstructor="true" isStatic="false" isGetter="false" isSetter="false">
              <Summary numSequencePoints="4" visitedSequencePoints="4" numBranchPoints="1" visitedBranchPoints="1" sequenceCoverage="100" branchCoverage="100" maxCyclomaticComplexity="1" minCyclomaticComplexity="1" maxCrapScore="1" minCrapScore="1" visitedClasses="0" numClasses="0" visitedMethods="1" numMethods="1" />
              <MetadataToken>100663301</MetadataToken>
              <Name>System.Void AlertingSystemControllerLib.AlertingController::.ctor()</Name>
              <FileRef uid="5" />
              <SequencePoints>
                <SequencePoint vc="4" uspid="58" ordinal="0" offset="0" sl="9" sc="9" el="9" ec="79" bec="0" bev="0" fileid="5">
                  <TrackedMethodRefs>
                    <TrackedMethodRef uid="1" vc="1" />
                    <TrackedMethodRef uid="4" vc="1" />
                    <TrackedMethodRef uid="2" vc="1" />
                    <TrackedMethodRef uid="3" vc="1" />
                  </TrackedMethodRefs>
                </SequencePoint>
                <SequencePoint vc="4" uspid="59" ordinal="1" offset="11" sl="10" sc="9" el="10" ec="152" bec="0" bev="0" fileid="5">
                  <TrackedMethodRefs>
                    <TrackedMethodRef uid="1" vc="1" />
                    <TrackedMethodRef uid="4" vc="1" />
                    <TrackedMethodRef uid="2" vc="1" />
                    <TrackedMethodRef uid="3" vc="1" />
                  </TrackedMethodRefs>
                </SequencePoint>
                <SequencePoint vc="4" uspid="60" ordinal="2" offset="22" sl="11" sc="9" el="11" ec="127" bec="0" bev="0" fileid="5">
                  <TrackedMethodRefs>
                    <TrackedMethodRef uid="1" vc="1" />
                    <TrackedMethodRef uid="4" vc="1" />
                    <TrackedMethodRef uid="2" vc="1" />
                    <TrackedMethodRef uid="3" vc="1" />
                  </TrackedMethodRefs>
                </SequencePoint>
                <SequencePoint vc="4" uspid="61" ordinal="3" offset="33" sl="12" sc="9" el="12" ec="162" bec="0" bev="0" fileid="5">
                  <TrackedMethodRefs>
                    <TrackedMethodRef uid="1" vc="1" />
                    <TrackedMethodRef uid="4" vc="1" />
                    <TrackedMethodRef uid="2" vc="1" />
                    <TrackedMethodRef uid="3" vc="1" />
                  </TrackedMethodRefs>
                </SequencePoint>
              </SequencePoints>
              <BranchPoints />
              <MethodPoint xsi:type="SequencePoint" vc="4" uspid="58" ordinal="0" offset="0" sl="9" sc="9" el="9" ec="79" bec="0" bev="0" fileid="5">
                <TrackedMethodRefs>
                  <TrackedMethodRef uid="1" vc="1" />
                  <TrackedMethodRef uid="4" vc="1" />
                  <TrackedMethodRef uid="2" vc="1" />
                  <TrackedMethodRef uid="3" vc="1" />
                </TrackedMethodRefs>
              </MethodPoint>
            </Method>
          </Methods>
        </Class>
      </Classes>
      <TrackedMethods />
    </Module>
    <Module hash="75-6C-54-C2-E5-33-37-60-42-BC-5F-77-8E-8E-27-62-B3-34-AD-48">
      <Summary numSequencePoints="0" visitedSequencePoints="0" numBranchPoints="0" visitedBranchPoints="0" sequenceCoverage="0" branchCoverage="0" maxCyclomaticComplexity="0" minCyclomaticComplexity="0" maxCrapScore="0" minCrapScore="0" visitedClasses="0" numClasses="0" visitedMethods="0" numMethods="0" />
      <ModulePath>D:\MyExamples\PatientMonitoring\AlertingController.Test\bin\Debug\AlertingSystemControllerContractLib.dll</ModulePath>
      <ModuleTime>2019-09-11T19:49:21.5238493Z</ModuleTime>
      <ModuleName>AlertingSystemControllerContractLib</ModuleName>
      <Files />
      <Classes />
      <TrackedMethods />
    </Module>
    <Module hash="CC-C7-4F-18-59-79-B8-C1-2B-53-AE-30-03-94-56-63-43-3E-6A-49">
      <Summary numSequencePoints="5" visitedSequencePoints="5" numBranchPoints="2" visitedBranchPoints="2" sequenceCoverage="100" branchCoverage="100" maxCyclomaticComplexity="1" minCyclomaticComplexity="1" maxCrapScore="1" minCrapScore="1" visitedClasses="1" numClasses="1" visitedMethods="2" numMethods="2" />
      <ModulePath>D:\MyExamples\PatientMonitoring\AlertingController.Test\bin\Debug\RepositoryLib.dll</ModulePath>
      <ModuleTime>2019-09-11T19:49:19.4170526Z</ModuleTime>
      <ModuleName>RepositoryLib</ModuleName>
      <Files>
        <File uid="7" fullPath="D:\MyExamples\PatientMonitoring\RepositoryLib\DataStore.cs" />
      </Files>
      <Classes>
        <Class>
          <Summary numSequencePoints="5" visitedSequencePoints="5" numBranchPoints="2" visitedBranchPoints="2" sequenceCoverage="100" branchCoverage="100" maxCyclomaticComplexity="1" minCyclomaticComplexity="1" maxCrapScore="1" minCrapScore="1" visitedClasses="1" numClasses="1" visitedMethods="2" numMethods="2" />
          <FullName>DataStoreLib.DataStore</FullName>
          <Methods>
            <Method visited="true" cyclomaticComplexity="1" nPathComplexity="0" sequenceCoverage="100" branchCoverage="100" crapScore="1" isConstructor="false" isStatic="true" isGetter="true" isSetter="false">
              <Summary numSequencePoints="3" visitedSequencePoints="3" numBranchPoints="1" visitedBranchPoints="1" sequenceCoverage="100" branchCoverage="100" maxCyclomaticComplexity="1" minCyclomaticComplexity="1" maxCrapScore="1" minCrapScore="1" visitedClasses="0" numClasses="0" visitedMethods="1" numMethods="1" />
              <MetadataToken>100663297</MetadataToken>
              <Name>System.Collections.Generic.Dictionary`2&lt;System.String,System.Collections.Generic.Queue`1&lt;System.String&gt;&gt; DataStoreLib.DataStore::get_DictPatientDataMap()</Name>
              <FileRef uid="7" />
              <SequencePoints>
                <SequencePoint vc="34" uspid="62" ordinal="0" offset="0" sl="13" sc="13" el="13" ec="14" bec="0" bev="0" fileid="7">
                  <TrackedMethodRefs>
                    <TrackedMethodRef uid="1" vc="8" />
                    <TrackedMethodRef uid="6" vc="2" />
                    <TrackedMethodRef uid="5" vc="8" />
                    <TrackedMethodRef uid="14" vc="8" />
                    <TrackedMethodRef uid="17" vc="8" />
                  </TrackedMethodRefs>
                </SequencePoint>
                <SequencePoint vc="34" uspid="63" ordinal="1" offset="1" sl="14" sc="17" el="14" ec="43" bec="0" bev="0" fileid="7">
                  <TrackedMethodRefs>
                    <TrackedMethodRef uid="1" vc="8" />
                    <TrackedMethodRef uid="6" vc="2" />
                    <TrackedMethodRef uid="5" vc="8" />
                    <TrackedMethodRef uid="14" vc="8" />
                    <TrackedMethodRef uid="17" vc="8" />
                  </TrackedMethodRefs>
                </SequencePoint>
                <SequencePoint vc="34" uspid="64" ordinal="2" offset="9" sl="15" sc="13" el="15" ec="14" bec="0" bev="0" fileid="7">
                  <TrackedMethodRefs>
                    <TrackedMethodRef uid="1" vc="8" />
                    <TrackedMethodRef uid="6" vc="2" />
                    <TrackedMethodRef uid="5" vc="8" />
                    <TrackedMethodRef uid="14" vc="8" />
                    <TrackedMethodRef uid="17" vc="8" />
                  </TrackedMethodRefs>
                </SequencePoint>
              </SequencePoints>
              <BranchPoints />
              <MethodPoint xsi:type="SequencePoint" vc="34" uspid="62" ordinal="0" offset="0" sl="13" sc="13" el="13" ec="14" bec="0" bev="0" fileid="7">
                <TrackedMethodRefs>
                  <TrackedMethodRef uid="1" vc="8" />
                  <TrackedMethodRef uid="6" vc="2" />
                  <TrackedMethodRef uid="5" vc="8" />
                  <TrackedMethodRef uid="14" vc="8" />
                  <TrackedMethodRef uid="17" vc="8" />
                </TrackedMethodRefs>
              </MethodPoint>
            </Method>
            <Method visited="true" cyclomaticComplexity="1" nPathComplexity="0" sequenceCoverage="100" branchCoverage="100" crapScore="1" isConstructor="true" isStatic="true" isGetter="false" isSetter="false">
              <Summary numSequencePoints="2" visitedSequencePoints="2" numBranchPoints="1" visitedBranchPoints="1" sequenceCoverage="100" branchCoverage="100" maxCyclomaticComplexity="1" minCyclomaticComplexity="1" maxCrapScore="1" minCrapScore="1" visitedClasses="0" numClasses="0" visitedMethods="1" numMethods="1" />
              <MetadataToken>100663298</MetadataToken>
              <Name>System.Void DataStoreLib.DataStore::.cctor()</Name>
              <FileRef uid="7" />
              <SequencePoints>
                <SequencePoint vc="5" uspid="65" ordinal="0" offset="0" sl="8" sc="9" el="8" ec="128" bec="0" bev="0" fileid="7">
                  <TrackedMethodRefs>
                    <TrackedMethodRef uid="1" vc="1" />
                    <TrackedMethodRef uid="6" vc="1" />
                    <TrackedMethodRef uid="14" vc="1" />
                    <TrackedMethodRef uid="16" vc="1" />
                    <TrackedMethodRef uid="17" vc="1" />
                  </TrackedMethodRefs>
                </SequencePoint>
                <SequencePoint vc="5" uspid="66" ordinal="1" offset="10" sl="9" sc="9" el="9" ec="143" bec="0" bev="0" fileid="7">
                  <TrackedMethodRefs>
                    <TrackedMethodRef uid="1" vc="1" />
                    <TrackedMethodRef uid="6" vc="1" />
                    <TrackedMethodRef uid="14" vc="1" />
                    <TrackedMethodRef uid="16" vc="1" />
                    <TrackedMethodRef uid="17" vc="1" />
                  </TrackedMethodRefs>
                </SequencePoint>
              </SequencePoints>
              <BranchPoints />
              <MethodPoint xsi:type="SequencePoint" vc="5" uspid="65" ordinal="0" offset="0" sl="8" sc="9" el="8" ec="128" bec="0" bev="0" fileid="7">
                <TrackedMethodRefs>
                  <TrackedMethodRef uid="1" vc="1" />
                  <TrackedMethodRef uid="6" vc="1" />
                  <TrackedMethodRef uid="14" vc="1" />
                  <TrackedMethodRef uid="16" vc="1" />
                  <TrackedMethodRef uid="17" vc="1" />
                </TrackedMethodRefs>
              </MethodPoint>
            </Method>
          </Methods>
        </Class>
      </Classes>
      <TrackedMethods />
    </Module>
    <Module hash="84-7F-3B-E3-59-82-95-38-1E-97-CA-15-F9-65-72-14-03-7A-57-9D">
      <Summary numSequencePoints="0" visitedSequencePoints="0" numBranchPoints="0" visitedBranchPoints="0" sequenceCoverage="0" branchCoverage="0" maxCyclomaticComplexity="1" minCyclomaticComplexity="1" maxCrapScore="2" minCrapScore="2" visitedClasses="0" numClasses="0" visitedMethods="0" numMethods="0" />
      <ModulePath>D:\MyExamples\PatientMonitoring\AlertingController.Test\bin\Debug\VitalSignLib.dll</ModulePath>
      <ModuleTime>2019-09-11T19:49:19.0172807Z</ModuleTime>
      <ModuleName>VitalSignLib</ModuleName>
      <Files>
        <File uid="9" fullPath="D:\MyExamples\PatientMonitoring\VitalSignLib\VitalSign.cs" />
      </Files>
      <Classes>
        <Class>
          <Summary numSequencePoints="0" visitedSequencePoints="0" numBranchPoints="0" visitedBranchPoints="0" sequenceCoverage="0" branchCoverage="0" maxCyclomaticComplexity="1" minCyclomaticComplexity="1" maxCrapScore="2" minCrapScore="2" visitedClasses="0" numClasses="0" visitedMethods="0" numMethods="0" />
          <FullName>VitalSignLib.VitalSign</FullName>
          <Methods>
            <Method skippedDueTo="AutoImplementedProperty" visited="false" cyclomaticComplexity="1" nPathComplexity="0" sequenceCoverage="0" branchCoverage="0" crapScore="0" isConstructor="false" isStatic="false" isGetter="true" isSetter="false">
              <MetadataToken>100663297</MetadataToken>
              <Name>VitalSignContractLib.VitalSignType VitalSignLib.VitalSign::get_vitalSignType()</Name>
              <FileRef uid="9" />
              <SequencePoints />
              <BranchPoints />
            </Method>
            <Method skippedDueTo="AutoImplementedProperty" visited="false" cyclomaticComplexity="1" nPathComplexity="0" sequenceCoverage="0" branchCoverage="0" crapScore="0" isConstructor="false" isStatic="false" isGetter="false" isSetter="true">
              <MetadataToken>100663298</MetadataToken>
              <Name>System.Void VitalSignLib.VitalSign::set_vitalSignType(VitalSignContractLib.VitalSignType)</Name>
              <FileRef uid="9" />
              <SequencePoints />
              <BranchPoints />
            </Method>
            <Method skippedDueTo="AutoImplementedProperty" visited="false" cyclomaticComplexity="1" nPathComplexity="0" sequenceCoverage="0" branchCoverage="0" crapScore="0" isConstructor="false" isStatic="false" isGetter="true" isSetter="false">
              <MetadataToken>100663299</MetadataToken>
              <Name>System.Boolean VitalSignLib.VitalSign::get_IsPatientVitalSignEnabled()</Name>
              <FileRef uid="9" />
              <SequencePoints />
              <BranchPoints />
            </Method>
            <Method skippedDueTo="AutoImplementedProperty" visited="false" cyclomaticComplexity="1" nPathComplexity="0" sequenceCoverage="0" branchCoverage="0" crapScore="0" isConstructor="false" isStatic="false" isGetter="false" isSetter="true">
              <MetadataToken>100663300</MetadataToken>
              <Name>System.Void VitalSignLib.VitalSign::set_IsPatientVitalSignEnabled(System.Boolean)</Name>
              <FileRef uid="9" />
              <SequencePoints />
              <BranchPoints />
            </Method>
            <Method visited="false" cyclomaticComplexity="1" nPathComplexity="0" sequenceCoverage="0" branchCoverage="0" crapScore="2" isConstructor="true" isStatic="false" isGetter="false" isSetter="false">
              <Summary numSequencePoints="0" visitedSequencePoints="0" numBranchPoints="0" visitedBranchPoints="0" sequenceCoverage="0" branchCoverage="0" maxCyclomaticComplexity="1" minCyclomaticComplexity="1" maxCrapScore="2" minCrapScore="2" visitedClasses="0" numClasses="0" visitedMethods="0" numMethods="0" />
              <MetadataToken>100663301</MetadataToken>
              <Name>System.Void VitalSignLib.VitalSign::.ctor()</Name>
              <SequencePoints />
              <BranchPoints />
              <MethodPoint vc="0" uspid="67" ordinal="0" offset="0" />
            </Method>
          </Methods>
        </Class>
      </Classes>
      <TrackedMethods />
    </Module>
    <Module hash="B0-27-E9-70-7C-B8-F7-51-1E-E7-DB-A9-52-47-79-9A-4B-CE-8D-D3">
      <Summary numSequencePoints="0" visitedSequencePoints="0" numBranchPoints="0" visitedBranchPoints="0" sequenceCoverage="0" branchCoverage="0" maxCyclomaticComplexity="0" minCyclomaticComplexity="0" maxCrapScore="0" minCrapScore="0" visitedClasses="0" numClasses="0" visitedMethods="0" numMethods="0" />
      <ModulePath>D:\MyExamples\PatientMonitoring\AlertingController.Test\bin\Debug\EnablePatientVitalSignsContractLib.dll</ModulePath>
      <ModuleTime>2019-09-11T19:49:18.1247883Z</ModuleTime>
      <ModuleName>EnablePatientVitalSignsContractLib</ModuleName>
      <Files />
      <Classes />
      <TrackedMethods />
    </Module>
    <Module hash="CA-06-8A-FF-71-0E-5D-54-74-B4-47-7F-C0-76-C6-03-1E-A0-8A-DC">
      <Summary numSequencePoints="15" visitedSequencePoints="11" numBranchPoints="7" visitedBranchPoints="5" sequenceCoverage="73.33" branchCoverage="71.43" maxCyclomaticComplexity="6" minCyclomaticComplexity="1" maxCrapScore="6.68" minCrapScore="2" visitedClasses="1" numClasses="1" visitedMethods="1" numMethods="1" />
      <ModulePath>D:\MyExamples\PatientMonitoring\AlertingController.Test\bin\Debug\PatientVitalSignReaderLib.dll</ModulePath>
      <ModuleTime>2019-09-11T19:49:20.4004901Z</ModuleTime>
      <ModuleName>PatientVitalSignReaderLib</ModuleName>
      <Files>
        <File uid="11" fullPath="D:\MyExamples\PatientMonitoring\PatientVitalSignReaderLib\PatientVitalSignReader.cs" />
      </Files>
      <Classes>
        <Class>
          <Summary numSequencePoints="15" visitedSequencePoints="11" numBranchPoints="7" visitedBranchPoints="5" sequenceCoverage="73.33" branchCoverage="71.43" maxCyclomaticComplexity="6" minCyclomaticComplexity="1" maxCrapScore="6.68" minCrapScore="2" visitedClasses="1" numClasses="1" visitedMethods="1" numMethods="1" />
          <FullName>PatientVitalSignReaderLib.PatientVitalSignReader</FullName>
          <Methods>
            <Method visited="true" cyclomaticComplexity="6" nPathComplexity="8" sequenceCoverage="73.33" branchCoverage="71.43" crapScore="6.68" isConstructor="false" isStatic="false" isGetter="false" isSetter="false">
              <Summary numSequencePoints="15" visitedSequencePoints="11" numBranchPoints="7" visitedBranchPoints="5" sequenceCoverage="73.33" branchCoverage="71.43" maxCyclomaticComplexity="6" minCyclomaticComplexity="6" maxCrapScore="6.68" minCrapScore="6.68" visitedClasses="0" numClasses="0" visitedMethods="1" numMethods="1" />
              <MetadataToken>100663297</MetadataToken>
              <Name>System.String PatientVitalSignReaderLib.PatientVitalSignReader::ReadPatientVitalSigns(System.String)</Name>
              <FileRef uid="11" />
              <SequencePoints>
                <SequencePoint vc="5" uspid="68" ordinal="0" offset="0" sl="14" sc="9" el="14" ec="10" bec="0" bev="0" fileid="11">
                  <TrackedMethodRefs>
                    <TrackedMethodRef uid="1" vc="1" />
                    <TrackedMethodRef uid="6" vc="1" />
                    <TrackedMethodRef uid="5" vc="1" />
                    <TrackedMethodRef uid="14" vc="1" />
                    <TrackedMethodRef uid="17" vc="1" />
                  </TrackedMethodRefs>
                </SequencePoint>
                <SequencePoint vc="5" uspid="69" ordinal="1" offset="1" sl="15" sc="13" el="15" ec="44" bec="0" bev="0" fileid="11">
                  <TrackedMethodRefs>
                    <TrackedMethodRef uid="1" vc="1" />
                    <TrackedMethodRef uid="6" vc="1" />
                    <TrackedMethodRef uid="5" vc="1" />
                    <TrackedMethodRef uid="14" vc="1" />
                    <TrackedMethodRef uid="17" vc="1" />
                  </TrackedMethodRefs>
                </SequencePoint>
                <SequencePoint vc="5" uspid="70" ordinal="2" offset="7" sl="16" sc="13" el="16" ec="96" bec="2" bev="2" fileid="11">
                  <TrackedMethodRefs>
                    <TrackedMethodRef uid="1" vc="1" />
                    <TrackedMethodRef uid="6" vc="1" />
                    <TrackedMethodRef uid="5" vc="1" />
                    <TrackedMethodRef uid="14" vc="1" />
                    <TrackedMethodRef uid="17" vc="1" />
                  </TrackedMethodRefs>
                </SequencePoint>
                <SequencePoint vc="4" uspid="71" ordinal="3" offset="34" sl="17" sc="13" el="17" ec="14" bec="0" bev="0" fileid="11">
                  <TrackedMethodRefs>
                    <TrackedMethodRef uid="1" vc="1" />
                    <TrackedMethodRef uid="5" vc="1" />
                    <TrackedMethodRef uid="14" vc="1" />
                    <TrackedMethodRef uid="17" vc="1" />
                  </TrackedMethodRefs>
                </SequencePoint>
                <SequencePoint vc="4" uspid="72" ordinal="4" offset="35" sl="18" sc="17" el="18" ec="55" bec="0" bev="0" fileid="11">
                  <TrackedMethodRefs>
                    <TrackedMethodRef uid="1" vc="1" />
                    <TrackedMethodRef uid="5" vc="1" />
                    <TrackedMethodRef uid="14" vc="1" />
                    <TrackedMethodRef uid="17" vc="1" />
                  </TrackedMethodRefs>
                </SequencePoint>
                <SequencePoint vc="4" uspid="73" ordinal="5" offset="37" sl="19" sc="17" el="19" ec="74" bec="2" bev="1" fileid="11">
                  <TrackedMethodRefs>
                    <TrackedMethodRef uid="1" vc="1" />
                    <TrackedMethodRef uid="5" vc="1" />
                    <TrackedMethodRef uid="14" vc="1" />
                    <TrackedMethodRef uid="17" vc="1" />
                  </TrackedMethodRefs>
                </SequencePoint>
                <SequencePoint vc="0" uspid="74" ordinal="6" offset="55" sl="20" sc="17" el="20" ec="18" bec="0" bev="0" fileid="11" />
                <SequencePoint vc="0" uspid="75" ordinal="7" offset="56" sl="21" sc="21" el="21" ec="60" bec="0" bev="0" fileid="11" />
                <SequencePoint vc="0" uspid="76" ordinal="8" offset="62" sl="22" sc="21" el="22" ec="83" bec="0" bev="0" fileid="11" />
                <SequencePoint vc="0" uspid="77" ordinal="9" offset="75" sl="23" sc="17" el="23" ec="18" bec="0" bev="0" fileid="11" />
                <SequencePoint vc="4" uspid="78" ordinal="10" offset="76" sl="24" sc="17" el="24" ec="76" bec="0" bev="0" fileid="11">
                  <TrackedMethodRefs>
                    <TrackedMethodRef uid="1" vc="1" />
                    <TrackedMethodRef uid="5" vc="1" />
                    <TrackedMethodRef uid="14" vc="1" />
                    <TrackedMethodRef uid="17" vc="1" />
                  </TrackedMethodRefs>
                </SequencePoint>
                <SequencePoint vc="4" uspid="79" ordinal="11" offset="88" sl="26" sc="17" el="26" ec="101" bec="2" bev="1" fileid="11">
                  <TrackedMethodRefs>
                    <TrackedMethodRef uid="1" vc="1" />
                    <TrackedMethodRef uid="5" vc="1" />
                    <TrackedMethodRef uid="14" vc="1" />
                    <TrackedMethodRef uid="17" vc="1" />
                  </TrackedMethodRefs>
                </SequencePoint>
                <SequencePoint vc="4" uspid="80" ordinal="12" offset="111" sl="27" sc="13" el="27" ec="14" bec="0" bev="0" fileid="11">
                  <TrackedMethodRefs>
                    <TrackedMethodRef uid="1" vc="1" />
                    <TrackedMethodRef uid="5" vc="1" />
                    <TrackedMethodRef uid="14" vc="1" />
                    <TrackedMethodRef uid="17" vc="1" />
                  </TrackedMethodRefs>
                </SequencePoint>
                <SequencePoint vc="5" uspid="81" ordinal="13" offset="112" sl="28" sc="13" el="28" ec="29" bec="0" bev="0" fileid="11">
                  <TrackedMethodRefs>
                    <TrackedMethodRef uid="1" vc="1" />
                    <TrackedMethodRef uid="6" vc="1" />
                    <TrackedMethodRef uid="5" vc="1" />
                    <TrackedMethodRef uid="14" vc="1" />
                    <TrackedMethodRef uid="17" vc="1" />
                  </TrackedMethodRefs>
                </SequencePoint>
                <SequencePoint vc="5" uspid="82" ordinal="14" offset="117" sl="29" sc="9" el="29" ec="10" bec="0" bev="0" fileid="11">
                  <TrackedMethodRefs>
                    <TrackedMethodRef uid="1" vc="1" />
                    <TrackedMethodRef uid="6" vc="1" />
                    <TrackedMethodRef uid="5" vc="1" />
                    <TrackedMethodRef uid="14" vc="1" />
                    <TrackedMethodRef uid="17" vc="1" />
                  </TrackedMethodRefs>
                </SequencePoint>
              </SequencePoints>
              <BranchPoints>
                <BranchPoint vc="4" uspid="85" ordinal="2" offset="32" sl="16" path="0" offsetend="34" fileid="11">
                  <TrackedMethodRefs>
                    <TrackedMethodRef uid="1" vc="1" />
                    <TrackedMethodRef uid="5" vc="1" />
                    <TrackedMethodRef uid="14" vc="1" />
                    <TrackedMethodRef uid="17" vc="1" />
                  </TrackedMethodRefs>
                </BranchPoint>
                <BranchPoint vc="1" uspid="86" ordinal="3" offset="32" sl="16" path="1" offsetend="112" fileid="11">
                  <TrackedMethodRefs>
                    <TrackedMethodRef uid="6" vc="1" />
                  </TrackedMethodRefs>
                </BranchPoint>
                <BranchPoint vc="0" uspid="87" ordinal="4" offset="53" sl="19" path="0" offsetend="55" fileid="11" />
                <BranchPoint vc="4" uspid="88" ordinal="5" offset="53" sl="19" path="1" offsetend="76" fileid="11">
                  <TrackedMethodRefs>
                    <TrackedMethodRef uid="1" vc="1" />
                    <TrackedMethodRef uid="5" vc="1" />
                    <TrackedMethodRef uid="14" vc="1" />
                    <TrackedMethodRef uid="17" vc="1" />
                  </TrackedMethodRefs>
                </BranchPoint>
                <BranchPoint vc="0" uspid="89" ordinal="6" offset="95" sl="26" path="0" offsetend="97" fileid="11" />
                <BranchPoint vc="4" uspid="90" ordinal="7" offset="95" sl="26" path="1" offsetend="104" fileid="11">
                  <TrackedMethodRefs>
                    <TrackedMethodRef uid="1" vc="1" />
                    <TrackedMethodRef uid="5" vc="1" />
                    <TrackedMethodRef uid="14" vc="1" />
                    <TrackedMethodRef uid="17" vc="1" />
                  </TrackedMethodRefs>
                </BranchPoint>
              </BranchPoints>
              <MethodPoint xsi:type="SequencePoint" vc="5" uspid="68" ordinal="0" offset="0" sl="14" sc="9" el="14" ec="10" bec="0" bev="0" fileid="11">
                <TrackedMethodRefs>
                  <TrackedMethodRef uid="1" vc="1" />
                  <TrackedMethodRef uid="6" vc="1" />
                  <TrackedMethodRef uid="5" vc="1" />
                  <TrackedMethodRef uid="14" vc="1" />
                  <TrackedMethodRef uid="17" vc="1" />
                </TrackedMethodRefs>
              </MethodPoint>
            </Method>
            <Method visited="false" cyclomaticComplexity="1" nPathComplexity="0" sequenceCoverage="0" branchCoverage="0" crapScore="2" isConstructor="true" isStatic="false" isGetter="false" isSetter="false">
              <Summary numSequencePoints="0" visitedSequencePoints="0" numBranchPoints="0" visitedBranchPoints="0" sequenceCoverage="0" branchCoverage="0" maxCyclomaticComplexity="1" minCyclomaticComplexity="1" maxCrapScore="2" minCrapScore="2" visitedClasses="0" numClasses="0" visitedMethods="0" numMethods="0" />
              <MetadataToken>100663298</MetadataToken>
              <Name>System.Void PatientVitalSignReaderLib.PatientVitalSignReader::.ctor()</Name>
              <SequencePoints />
              <BranchPoints />
              <MethodPoint vc="0" uspid="91" ordinal="0" offset="0" />
            </Method>
          </Methods>
        </Class>
      </Classes>
      <TrackedMethods />
    </Module>
    <Module hash="A4-52-EA-29-15-90-07-1E-6C-3A-43-07-8B-80-49-B1-AD-F1-A1-EB">
      <Summary numSequencePoints="0" visitedSequencePoints="0" numBranchPoints="0" visitedBranchPoints="0" sequenceCoverage="0" branchCoverage="0" maxCyclomaticComplexity="0" minCyclomaticComplexity="0" maxCrapScore="0" minCrapScore="0" visitedClasses="0" numClasses="0" visitedMethods="0" numMethods="0" />
      <ModulePath>D:\MyExamples\PatientMonitoring\AlertingController.Test\bin\Debug\PatientVitalSignReaderContractLib.dll</ModulePath>
      <ModuleTime>2019-09-11T19:49:18.3306704Z</ModuleTime>
      <ModuleName>PatientVitalSignReaderContractLib</ModuleName>
      <Files />
      <Classes />
      <TrackedMethods />
    </Module>
    <Module hash="38-3A-FE-52-B8-EE-98-D9-DB-5E-27-4E-B0-D4-99-EC-03-D2-3A-5D">
      <Summary numSequencePoints="14" visitedSequencePoints="13" numBranchPoints="8" visitedBranchPoints="6" sequenceCoverage="92.86" branchCoverage="75" maxCyclomaticComplexity="3" minCyclomaticComplexity="1" maxCrapScore="3.02" minCrapScore="2" visitedClasses="1" numClasses="1" visitedMethods="2" numMethods="2" />
      <ModulePath>D:\MyExamples\PatientMonitoring\AlertingController.Test\bin\Debug\ValidatePatientPulseRateLib.dll</ModulePath>
      <ModuleTime>2019-09-11T19:49:20.7003179Z</ModuleTime>
      <ModuleName>ValidatePatientPulseRateLib</ModuleName>
      <Files>
        <File uid="13" fullPath="D:\MyExamples\PatientMonitoring\ValidatePatientPulseRateLib\ValidatePatientPulseRate.cs" />
      </Files>
      <Classes>
        <Class>
          <Summary numSequencePoints="14" visitedSequencePoints="13" numBranchPoints="8" visitedBranchPoints="6" sequenceCoverage="92.86" branchCoverage="75" maxCyclomaticComplexity="3" minCyclomaticComplexity="1" maxCrapScore="3.02" minCrapScore="2" visitedClasses="1" numClasses="1" visitedMethods="2" numMethods="2" />
          <FullName>ValidatePatientPulseRateLib.ValidatePatientPulseRate</FullName>
          <Methods>
            <Method visited="true" cyclomaticComplexity="3" nPathComplexity="2" sequenceCoverage="100" branchCoverage="100" crapScore="3" isConstructor="false" isStatic="false" isGetter="false" isSetter="false">
              <Summary numSequencePoints="6" visitedSequencePoints="6" numBranchPoints="3" visitedBranchPoints="3" sequenceCoverage="100" branchCoverage="100" maxCyclomaticComplexity="3" minCyclomaticComplexity="3" maxCrapScore="3" minCrapScore="3" visitedClasses="0" numClasses="0" visitedMethods="1" numMethods="1" />
              <MetadataToken>100663297</MetadataToken>
              <Name>System.Boolean ValidatePatientPulseRateLib.ValidatePatientPulseRate::isVitalSignInRange(System.Int32)</Name>
              <FileRef uid="13" />
              <SequencePoints>
                <SequencePoint vc="3" uspid="92" ordinal="0" offset="0" sl="8" sc="9" el="8" ec="10" bec="0" bev="0" fileid="13">
                  <TrackedMethodRefs>
                    <TrackedMethodRef uid="2" vc="1" />
                    <TrackedMethodRef uid="12" vc="1" />
                    <TrackedMethodRef uid="11" vc="1" />
                  </TrackedMethodRefs>
                </SequencePoint>
                <SequencePoint vc="3" uspid="93" ordinal="1" offset="1" sl="9" sc="13" el="9" ec="45" bec="2" bev="2" fileid="13">
                  <TrackedMethodRefs>
                    <TrackedMethodRef uid="2" vc="1" />
                    <TrackedMethodRef uid="12" vc="1" />
                    <TrackedMethodRef uid="11" vc="1" />
                  </TrackedMethodRefs>
                </SequencePoint>
                <SequencePoint vc="1" uspid="94" ordinal="2" offset="21" sl="10" sc="13" el="10" ec="14" bec="0" bev="0" fileid="13">
                  <TrackedMethodRefs>
                    <TrackedMethodRef uid="11" vc="1" />
                  </TrackedMethodRefs>
                </SequencePoint>
                <SequencePoint vc="1" uspid="95" ordinal="3" offset="22" sl="11" sc="17" el="11" ec="29" bec="0" bev="0" fileid="13">
                  <TrackedMethodRefs>
                    <TrackedMethodRef uid="11" vc="1" />
                  </TrackedMethodRefs>
                </SequencePoint>
                <SequencePoint vc="2" uspid="96" ordinal="4" offset="26" sl="13" sc="13" el="13" ec="26" bec="0" bev="0" fileid="13">
                  <TrackedMethodRefs>
                    <TrackedMethodRef uid="2" vc="1" />
                    <TrackedMethodRef uid="12" vc="1" />
                  </TrackedMethodRefs>
                </SequencePoint>
                <SequencePoint vc="3" uspid="97" ordinal="5" offset="30" sl="14" sc="9" el="14" ec="10" bec="0" bev="0" fileid="13">
                  <TrackedMethodRefs>
                    <TrackedMethodRef uid="2" vc="1" />
                    <TrackedMethodRef uid="12" vc="1" />
                    <TrackedMethodRef uid="11" vc="1" />
                  </TrackedMethodRefs>
                </SequencePoint>
              </SequencePoints>
              <BranchPoints>
                <BranchPoint vc="1" uspid="100" ordinal="2" offset="19" sl="9" path="0" offsetend="21" fileid="13">
                  <TrackedMethodRefs>
                    <TrackedMethodRef uid="11" vc="1" />
                  </TrackedMethodRefs>
                </BranchPoint>
                <BranchPoint vc="2" uspid="101" ordinal="3" offset="19" sl="9" path="1" offsetend="26" fileid="13">
                  <TrackedMethodRefs>
                    <TrackedMethodRef uid="2" vc="1" />
                    <TrackedMethodRef uid="12" vc="1" />
                  </TrackedMethodRefs>
                </BranchPoint>
              </BranchPoints>
              <MethodPoint xsi:type="SequencePoint" vc="3" uspid="92" ordinal="0" offset="0" sl="8" sc="9" el="8" ec="10" bec="0" bev="0" fileid="13">
                <TrackedMethodRefs>
                  <TrackedMethodRef uid="2" vc="1" />
                  <TrackedMethodRef uid="12" vc="1" />
                  <TrackedMethodRef uid="11" vc="1" />
                </TrackedMethodRefs>
              </MethodPoint>
            </Method>
            <Method visited="true" cyclomaticComplexity="3" nPathComplexity="4" sequenceCoverage="87.5" branchCoverage="60" crapScore="3.02" isConstructor="false" isStatic="false" isGetter="false" isSetter="false">
              <Summary numSequencePoints="8" visitedSequencePoints="7" numBranchPoints="5" visitedBranchPoints="3" sequenceCoverage="87.5" branchCoverage="60" maxCyclomaticComplexity="3" minCyclomaticComplexity="3" maxCrapScore="3.02" minCrapScore="3.02" visitedClasses="0" numClasses="0" visitedMethods="1" numMethods="1" />
              <MetadataToken>100663298</MetadataToken>
              <Name>System.String ValidatePatientPulseRateLib.ValidatePatientPulseRate::validateVitalSign(System.String,System.String)</Name>
              <FileRef uid="13" />
              <SequencePoints>
                <SequencePoint vc="1" uspid="102" ordinal="0" offset="0" sl="17" sc="9" el="17" ec="10" bec="0" bev="0" fileid="13">
                  <TrackedMethodRefs>
                    <TrackedMethodRef uid="2" vc="1" />
                  </TrackedMethodRefs>
                </SequencePoint>
                <SequencePoint vc="1" uspid="103" ordinal="1" offset="1" sl="18" sc="13" el="18" ec="63" bec="0" bev="0" fileid="13">
                  <TrackedMethodRefs>
                    <TrackedMethodRef uid="2" vc="1" />
                  </TrackedMethodRefs>
                </SequencePoint>
                <SequencePoint vc="1" uspid="104" ordinal="2" offset="8" sl="19" sc="13" el="19" ec="50" bec="2" bev="1" fileid="13">
                  <TrackedMethodRefs>
                    <TrackedMethodRef uid="2" vc="1" />
                  </TrackedMethodRefs>
                </SequencePoint>
                <SequencePoint vc="1" uspid="105" ordinal="3" offset="22" sl="20" sc="13" el="20" ec="14" bec="0" bev="0" fileid="13">
                  <TrackedMethodRefs>
                    <TrackedMethodRef uid="2" vc="1" />
                  </TrackedMethodRefs>
                </SequencePoint>
                <SequencePoint vc="1" uspid="106" ordinal="4" offset="23" sl="21" sc="17" el="21" ec="77" bec="0" bev="0" fileid="13">
                  <TrackedMethodRefs>
                    <TrackedMethodRef uid="2" vc="1" />
                  </TrackedMethodRefs>
                </SequencePoint>
                <SequencePoint vc="1" uspid="107" ordinal="5" offset="34" sl="22" sc="17" el="22" ec="122" bec="2" bev="1" fileid="13">
                  <TrackedMethodRefs>
                    <TrackedMethodRef uid="2" vc="1" />
                  </TrackedMethodRefs>
                </SequencePoint>
                <SequencePoint vc="0" uspid="108" ordinal="6" offset="86" sl="25" sc="13" el="25" ec="23" bec="0" bev="0" fileid="13" />
                <SequencePoint vc="1" uspid="109" ordinal="7" offset="94" sl="26" sc="9" el="26" ec="10" bec="0" bev="0" fileid="13">
                  <TrackedMethodRefs>
                    <TrackedMethodRef uid="2" vc="1" />
                  </TrackedMethodRefs>
                </SequencePoint>
              </SequencePoints>
              <BranchPoints>
                <BranchPoint vc="1" uspid="110" ordinal="0" offset="20" sl="19" path="0" offsetend="22" fileid="13">
                  <TrackedMethodRefs>
                    <TrackedMethodRef uid="2" vc="1" />
                  </TrackedMethodRefs>
                </BranchPoint>
                <BranchPoint vc="0" uspid="111" ordinal="1" offset="20" sl="19" path="1" offsetend="86" fileid="13" />
                <BranchPoint vc="0" uspid="112" ordinal="2" offset="75" sl="22" path="0" offsetend="77" fileid="13" />
                <BranchPoint vc="1" uspid="113" ordinal="3" offset="75" sl="22" path="1" offsetend="83" fileid="13">
                  <TrackedMethodRefs>
                    <TrackedMethodRef uid="2" vc="1" />
                  </TrackedMethodRefs>
                </BranchPoint>
              </BranchPoints>
              <MethodPoint xsi:type="SequencePoint" vc="1" uspid="102" ordinal="0" offset="0" sl="17" sc="9" el="17" ec="10" bec="0" bev="0" fileid="13">
                <TrackedMethodRefs>
                  <TrackedMethodRef uid="2" vc="1" />
                </TrackedMethodRefs>
              </MethodPoint>
            </Method>
            <Method visited="false" cyclomaticComplexity="1" nPathComplexity="0" sequenceCoverage="0" branchCoverage="0" crapScore="2" isConstructor="true" isStatic="false" isGetter="false" isSetter="false">
              <Summary numSequencePoints="0" visitedSequencePoints="0" numBranchPoints="0" visitedBranchPoints="0" sequenceCoverage="0" branchCoverage="0" maxCyclomaticComplexity="1" minCyclomaticComplexity="1" maxCrapScore="2" minCrapScore="2" visitedClasses="0" numClasses="0" visitedMethods="0" numMethods="0" />
              <MetadataToken>100663299</MetadataToken>
              <Name>System.Void ValidatePatientPulseRateLib.ValidatePatientPulseRate::.ctor()</Name>
              <SequencePoints />
              <BranchPoints />
              <MethodPoint vc="0" uspid="114" ordinal="0" offset="0" />
            </Method>
          </Methods>
        </Class>
      </Classes>
      <TrackedMethods />
    </Module>
    <Module hash="B7-89-02-14-38-3F-06-8F-C9-4A-06-F1-B6-11-6D-92-0E-48-C7-BA">
      <Summary numSequencePoints="0" visitedSequencePoints="0" numBranchPoints="0" visitedBranchPoints="0" sequenceCoverage="0" branchCoverage="0" maxCyclomaticComplexity="0" minCyclomaticComplexity="0" maxCrapScore="0" minCrapScore="0" visitedClasses="0" numClasses="0" visitedMethods="0" numMethods="0" />
      <ModulePath>D:\MyExamples\PatientMonitoring\AlertingController.Test\bin\Debug\ValidatePatientVitalSignContractLib.dll</ModulePath>
      <ModuleTime>2019-09-11T19:49:19.8558012Z</ModuleTime>
      <ModuleName>ValidatePatientVitalSignContractLib</ModuleName>
      <Files />
      <Classes />
      <TrackedMethods />
    </Module>
    <Module hash="5A-F8-D0-06-3E-59-44-4A-B2-38-68-C2-C7-19-DE-77-98-8B-8C-1A">
      <Summary numSequencePoints="14" visitedSequencePoints="14" numBranchPoints="8" visitedBranchPoints="7" sequenceCoverage="100" branchCoverage="87.5" maxCyclomaticComplexity="3" minCyclomaticComplexity="1" maxCrapScore="3" minCrapScore="2" visitedClasses="1" numClasses="1" visitedMethods="2" numMethods="2" />
      <ModulePath>D:\MyExamples\PatientMonitoring\AlertingController.Test\bin\Debug\ValidatePatientSpo2Lib.dll</ModulePath>
      <ModuleTime>2019-09-11T19:49:20.4764465Z</ModuleTime>
      <ModuleName>ValidatePatientSpo2Lib</ModuleName>
      <Files>
        <File uid="15" fullPath="D:\MyExamples\PatientMonitoring\ValidatePatientSpo2Lib\ValidatePatientSpo2.cs" />
      </Files>
      <Classes>
        <Class>
          <Summary numSequencePoints="14" visitedSequencePoints="14" numBranchPoints="8" visitedBranchPoints="7" sequenceCoverage="100" branchCoverage="87.5" maxCyclomaticComplexity="3" minCyclomaticComplexity="1" maxCrapScore="3" minCrapScore="2" visitedClasses="1" numClasses="1" visitedMethods="2" numMethods="2" />
          <FullName>ValidatePatientSpo2Lib.ValidatePatientSpo2</FullName>
          <Methods>
            <Method visited="true" cyclomaticComplexity="3" nPathComplexity="2" sequenceCoverage="100" branchCoverage="100" crapScore="3" isConstructor="false" isStatic="false" isGetter="false" isSetter="false">
              <Summary numSequencePoints="6" visitedSequencePoints="6" numBranchPoints="3" visitedBranchPoints="3" sequenceCoverage="100" branchCoverage="100" maxCyclomaticComplexity="3" minCyclomaticComplexity="3" maxCrapScore="3" minCrapScore="3" visitedClasses="0" numClasses="0" visitedMethods="1" numMethods="1" />
              <MetadataToken>100663297</MetadataToken>
              <Name>System.Boolean ValidatePatientSpo2Lib.ValidatePatientSpo2::isVitalSignInRange(System.Int32)</Name>
              <FileRef uid="15" />
              <SequencePoints>
                <SequencePoint vc="5" uspid="115" ordinal="0" offset="0" sl="13" sc="9" el="13" ec="10" bec="0" bev="0" fileid="15">
                  <TrackedMethodRefs>
                    <TrackedMethodRef uid="3" vc="1" />
                    <TrackedMethodRef uid="8" vc="1" />
                    <TrackedMethodRef uid="10" vc="1" />
                    <TrackedMethodRef uid="7" vc="1" />
                    <TrackedMethodRef uid="9" vc="1" />
                  </TrackedMethodRefs>
                </SequencePoint>
                <SequencePoint vc="5" uspid="116" ordinal="1" offset="1" sl="14" sc="13" el="14" ec="45" bec="2" bev="2" fileid="15">
                  <TrackedMethodRefs>
                    <TrackedMethodRef uid="3" vc="1" />
                    <TrackedMethodRef uid="8" vc="1" />
                    <TrackedMethodRef uid="10" vc="1" />
                    <TrackedMethodRef uid="7" vc="1" />
                    <TrackedMethodRef uid="9" vc="1" />
                  </TrackedMethodRefs>
                </SequencePoint>
                <SequencePoint vc="2" uspid="117" ordinal="2" offset="21" sl="15" sc="13" el="15" ec="14" bec="0" bev="0" fileid="15">
                  <TrackedMethodRefs>
                    <TrackedMethodRef uid="7" vc="1" />
                    <TrackedMethodRef uid="9" vc="1" />
                  </TrackedMethodRefs>
                </SequencePoint>
                <SequencePoint vc="2" uspid="118" ordinal="3" offset="22" sl="16" sc="17" el="16" ec="29" bec="0" bev="0" fileid="15">
                  <TrackedMethodRefs>
                    <TrackedMethodRef uid="7" vc="1" />
                    <TrackedMethodRef uid="9" vc="1" />
                  </TrackedMethodRefs>
                </SequencePoint>
[...]
              <FileRef uid="57" />
              <SequencePoints>
                <SequencePoint vc="2" uspid="489" ordinal="0" offset="0" sl="13" sc="9" el="13" ec="10" bec="0" bev="0" fileid="57">
                  <TrackedMethodRefs>
                    <TrackedMethodRef uid="16" vc="1" />
                    <TrackedMethodRef uid="15" vc="1" />
                  </TrackedMethodRefs>
                </SequencePoint>
                <SequencePoint vc="2" uspid="490" ordinal="1" offset="1" sl="14" sc="13" el="14" ec="40" bec="0" bev="0" fileid="57">
                  <TrackedMethodRefs>
                    <TrackedMethodRef uid="16" vc="1" />
                    <TrackedMethodRef uid="15" vc="1" />
                  </TrackedMethodRefs>
                </SequencePoint>
                <SequencePoint vc="2" uspid="491" ordinal="2" offset="7" sl="15" sc="13" el="15" ec="52" bec="0" bev="0" fileid="57">
                  <TrackedMethodRefs>
                    <TrackedMethodRef uid="16" vc="1" />
                    <TrackedMethodRef uid="15" vc="1" />
                  </TrackedMethodRefs>
                </SequencePoint>
                <SequencePoint vc="2" uspid="492" ordinal="3" offset="21" sl="16" sc="9" el="16" ec="10" bec="0" bev="0" fileid="57">
                  <TrackedMethodRefs>
                    <TrackedMethodRef uid="16" vc="1" />
                    <TrackedMethodRef uid="15" vc="1" />
                  </TrackedMethodRefs>
                </SequencePoint>
              </SequencePoints>
              <BranchPoints />
              <MethodPoint xsi:type="SequencePoint" vc="2" uspid="489" ordinal="0" offset="0" sl="13" sc="9" el="13" ec="10" bec="0" bev="0" fileid="57">
                <TrackedMethodRefs>
                  <TrackedMethodRef uid="16" vc="1" />
                  <TrackedMethodRef uid="15" vc="1" />
                </TrackedMethodRefs>
              </MethodPoint>
            </Method>
            <Method visited="true" cyclomaticComplexity="1" nPathComplexity="0" sequenceCoverage="100" branchCoverage="100" crapScore="1" isConstructor="false" isStatic="false" isGetter="false" isSetter="false">
              <Summary numSequencePoints="5" visitedSequencePoints="5" numBranchPoints="1" visitedBranchPoints="1" sequenceCoverage="100" branchCoverage="100" maxCyclomaticComplexity="1" minCyclomaticComplexity="1" maxCrapScore="1" minCrapScore="1" visitedClasses="0" numClasses="0" visitedMethods="1" numMethods="1" />
              <MetadataToken>100663298</MetadataToken>
              <Name>System.Double PatientPulserateGeneratorLib.PulserateGenerator::patientVitalSignGenerator(System.String)</Name>
              <FileRef uid="57" />
              <SequencePoints>
                <SequencePoint vc="2" uspid="493" ordinal="0" offset="0" sl="18" sc="9" el="18" ec="10" bec="0" bev="0" fileid="57">
                  <TrackedMethodRefs>
                    <TrackedMethodRef uid="16" vc="1" />
                    <TrackedMethodRef uid="15" vc="1" />
                  </TrackedMethodRefs>
                </SequencePoint>
                <SequencePoint vc="2" uspid="494" ordinal="1" offset="1" sl="19" sc="13" el="19" ec="39" bec="0" bev="0" fileid="57">
                  <TrackedMethodRefs>
                    <TrackedMethodRef uid="16" vc="1" />
                    <TrackedMethodRef uid="15" vc="1" />
                  </TrackedMethodRefs>
                </SequencePoint>
                <SequencePoint vc="2" uspid="495" ordinal="2" offset="11" sl="20" sc="13" el="20" ec="59" bec="0" bev="0" fileid="57">
                  <TrackedMethodRefs>
                    <TrackedMethodRef uid="16" vc="1" />
                    <TrackedMethodRef uid="15" vc="1" />
                  </TrackedMethodRefs>
                </SequencePoint>
                <SequencePoint vc="2" uspid="496" ordinal="3" offset="36" sl="21" sc="13" el="21" ec="35" bec="0" bev="0" fileid="57">
                  <TrackedMethodRefs>
                    <TrackedMethodRef uid="16" vc="1" />
                    <TrackedMethodRef uid="15" vc="1" />
                  </TrackedMethodRefs>
                </SequencePoint>
                <SequencePoint vc="2" uspid="497" ordinal="4" offset="40" sl="22" sc="9" el="22" ec="10" bec="0" bev="0" fileid="57">
                  <TrackedMethodRefs>
                    <TrackedMethodRef uid="16" vc="1" />
                    <TrackedMethodRef uid="15" vc="1" />
                  </TrackedMethodRefs>
                </SequencePoint>
              </SequencePoints>
              <BranchPoints />
              <MethodPoint xsi:type="SequencePoint" vc="2" uspid="493" ordinal="0" offset="0" sl="18" sc="9" el="18" ec="10" bec="0" bev="0" fileid="57">
                <TrackedMethodRefs>
                  <TrackedMethodRef uid="16" vc="1" />
                  <TrackedMethodRef uid="15" vc="1" />
                </TrackedMethodRefs>
              </MethodPoint>
            </Method>
            <Method visited="false" cyclomaticComplexity="1" nPathComplexity="0" sequenceCoverage="0" branchCoverage="0" crapScore="2" isConstructor="true" isStatic="false" isGetter="false" isSetter="false">
              <Summary numSequencePoints="0" visitedSequencePoints="0" numBranchPoints="0" visitedBranchPoints="0" sequenceCoverage="0" branchCoverage="0" maxCyclomaticComplexity="1" minCyclomaticComplexity="1" maxCrapScore="2" minCrapScore="2" visitedClasses="0" numClasses="0" visitedMethods="0" numMethods="0" />
              <MetadataToken>100663299</MetadataToken>
              <Name>System.Void PatientPulserateGeneratorLib.PulserateGenerator::.ctor()</Name>
              <SequencePoints />
              <BranchPoints />
              <MethodPoint vc="0" uspid="498" ordinal="0" offset="0" />
            </Method>
          </Methods>
        </Class>
      </Classes>
      <TrackedMethods />
    </Module>
    <Module hash="71-34-60-DE-3F-9B-6F-9B-6D-5C-00-F2-FA-F7-57-A5-12-E3-F7-53">
      <Summary numSequencePoints="9" visitedSequencePoints="9" numBranchPoints="2" visitedBranchPoints="2" sequenceCoverage="100" branchCoverage="100" maxCyclomaticComplexity="1" minCyclomaticComplexity="1" maxCrapScore="2" minCrapScore="1" visitedClasses="1" numClasses="1" visitedMethods="2" numMethods="2" />
      <ModulePath>D:\MyExamples\PatientMonitoring\PatientMonitoring.Test\bin\Debug\PatientTemperatureGeneratorLib.dll</ModulePath>
      <ModuleTime>2019-09-11T19:49:19.7838413Z</ModuleTime>
      <ModuleName>PatientTemperatureGeneratorLib</ModuleName>
      <Files>
        <File uid="59" fullPath="D:\MyExamples\PatientMonitoring\PatientTemperatureGeneratorLib\TemperatureGenerator.cs" />
      </Files>
      <Classes>
        <Class>
          <Summary numSequencePoints="9" visitedSequencePoints="9" numBranchPoints="2" visitedBranchPoints="2" sequenceCoverage="100" branchCoverage="100" maxCyclomaticComplexity="1" minCyclomaticComplexity="1" maxCrapScore="2" minCrapScore="1" visitedClasses="1" numClasses="1" visitedMethods="2" numMethods="2" />
          <FullName>PatientTemperatureGeneratorLib.TemperatureGenerator</FullName>
          <Methods>
            <Method visited="true" cyclomaticComplexity="1" nPathComplexity="0" sequenceCoverage="100" branchCoverage="100" crapScore="1" isConstructor="false" isStatic="false" isGetter="false" isSetter="false">
              <Summary numSequencePoints="4" visitedSequencePoints="4" numBranchPoints="1" visitedBranchPoints="1" sequenceCoverage="100" branchCoverage="100" maxCyclomaticComplexity="1" minCyclomaticComplexity="1" maxCrapScore="1" minCrapScore="1" visitedClasses="0" numClasses="0" visitedMethods="1" numMethods="1" />
              <MetadataToken>100663297</MetadataToken>
              <Name>System.Double PatientTemperatureGeneratorLib.TemperatureGenerator::RandomizeDouble(System.Double,System.Double)</Name>
              <FileRef uid="59" />
              <SequencePoints>
                <SequencePoint vc="2" uspid="499" ordinal="0" offset="0" sl="13" sc="9" el="13" ec="10" bec="0" bev="0" fileid="59">
                  <TrackedMethodRefs>
                    <TrackedMethodRef uid="16" vc="1" />
                    <TrackedMethodRef uid="15" vc="1" />
                  </TrackedMethodRefs>
                </SequencePoint>
                <SequencePoint vc="2" uspid="500" ordinal="1" offset="1" sl="14" sc="13" el="14" ec="40" bec="0" bev="0" fileid="59">
                  <TrackedMethodRefs>
                    <TrackedMethodRef uid="16" vc="1" />
                    <TrackedMethodRef uid="15" vc="1" />
                  </TrackedMethodRefs>
                </SequencePoint>
                <SequencePoint vc="2" uspid="501" ordinal="2" offset="7" sl="15" sc="13" el="15" ec="52" bec="0" bev="0" fileid="59">
                  <TrackedMethodRefs>
                    <TrackedMethodRef uid="16" vc="1" />
                    <TrackedMethodRef uid="15" vc="1" />
                  </TrackedMethodRefs>
                </SequencePoint>
                <SequencePoint vc="2" uspid="502" ordinal="3" offset="21" sl="16" sc="9" el="16" ec="10" bec="0" bev="0" fileid="59">
                  <TrackedMethodRefs>
                    <TrackedMethodRef uid="16" vc="1" />
                    <TrackedMethodRef uid="15" vc="1" />
                  </TrackedMethodRefs>
                </SequencePoint>
              </SequencePoints>
              <BranchPoints />
              <MethodPoint xsi:type="SequencePoint" vc="2" uspid="499" ordinal="0" offset="0" sl="13" sc="9" el="13" ec="10" bec="0" bev="0" fileid="59">
                <TrackedMethodRefs>
                  <TrackedMethodRef uid="16" vc="1" />
                  <TrackedMethodRef uid="15" vc="1" />
                </TrackedMethodRefs>
              </MethodPoint>
            </Method>
            <Method visited="true" cyclomaticComplexity="1" nPathComplexity="0" sequenceCoverage="100" branchCoverage="100" crapScore="1" isConstructor="false" isStatic="false" isGetter="false" isSetter="false">
              <Summary numSequencePoints="5" visitedSequencePoints="5" numBranchPoints="1" visitedBranchPoints="1" sequenceCoverage="100" branchCoverage="100" maxCyclomaticComplexity="1" minCyclomaticComplexity="1" maxCrapScore="1" minCrapScore="1" visitedClasses="0" numClasses="0" visitedMethods="1" numMethods="1" />
              <MetadataToken>100663298</MetadataToken>
              <Name>System.Double PatientTemperatureGeneratorLib.TemperatureGenerator::patientVitalSignGenerator(System.String)</Name>
              <FileRef uid="59" />
              <SequencePoints>
                <SequencePoint vc="2" uspid="503" ordinal="0" offset="0" sl="18" sc="9" el="18" ec="10" bec="0" bev="0" fileid="59">
                  <TrackedMethodRefs>
                    <TrackedMethodRef uid="16" vc="1" />
                    <TrackedMethodRef uid="15" vc="1" />
                  </TrackedMethodRefs>
                </SequencePoint>
                <SequencePoint vc="2" uspid="504" ordinal="1" offset="1" sl="19" sc="13" el="19" ec="39" bec="0" bev="0" fileid="59">
                  <TrackedMethodRefs>
                    <TrackedMethodRef uid="16" vc="1" />
                    <TrackedMethodRef uid="15" vc="1" />
                  </TrackedMethodRefs>
                </SequencePoint>
                <SequencePoint vc="2" uspid="505" ordinal="2" offset="11" sl="20" sc="13" el="20" ec="54" bec="0" bev="0" fileid="59">
                  <TrackedMethodRefs>
                    <TrackedMethodRef uid="16" vc="1" />
                    <TrackedMethodRef uid="15" vc="1" />
                  </TrackedMethodRefs>
                </SequencePoint>
                <SequencePoint vc="2" uspid="506" ordinal="3" offset="36" sl="21" sc="13" el="21" ec="35" bec="0" bev="0" fileid="59">
                  <TrackedMethodRefs>
                    <TrackedMethodRef uid="16" vc="1" />
                    <TrackedMethodRef uid="15" vc="1" />
                  </TrackedMethodRefs>
                </SequencePoint>
                <SequencePoint vc="2" uspid="507" ordinal="4" offset="40" sl="22" sc="9" el="22" ec="10" bec="0" bev="0" fileid="59">
                  <TrackedMethodRefs>
                    <TrackedMethodRef uid="16" vc="1" />
                    <TrackedMethodRef uid="15" vc="1" />
                  </TrackedMethodRefs>
                </SequencePoint>
              </SequencePoints>
              <BranchPoints />
              <MethodPoint xsi:type="SequencePoint" vc="2" uspid="503" ordinal="0" offset="0" sl="18" sc="9" el="18" ec="10" bec="0" bev="0" fileid="59">
                <TrackedMethodRefs>
                  <TrackedMethodRef uid="16" vc="1" />
                  <TrackedMethodRef uid="15" vc="1" />
                </TrackedMethodRefs>
              </MethodPoint>
            </Method>
            <Method visited="false" cyclomaticComplexity="1" nPathComplexity="0" sequenceCoverage="0" branchCoverage="0" crapScore="2" isConstructor="true" isStatic="false" isGetter="false" isSetter="false">
              <Summary numSequencePoints="0" visitedSequencePoints="0" numBranchPoints="0" visitedBranchPoints="0" sequenceCoverage="0" branchCoverage="0" maxCyclomaticComplexity="1" minCyclomaticComplexity="1" maxCrapScore="2" minCrapScore="2" visitedClasses="0" numClasses="0" visitedMethods="0" numMethods="0" />
              <MetadataToken>100663299</MetadataToken>
              <Name>System.Void PatientTemperatureGeneratorLib.TemperatureGenerator::.ctor()</Name>
              <SequencePoints />
              <BranchPoints />
              <MethodPoint vc="0" uspid="508" ordinal="0" offset="0" />
            </Method>
          </Methods>
        </Class>
      </Classes>
      <TrackedMethods />
    </Module>
    <Module hash="73-FA-22-35-29-D4-68-E2-EC-F8-02-AC-81-A6-66-D5-13-4B-C4-46">
      <Summary numSequencePoints="8" visitedSequencePoints="8" numBranchPoints="1" visitedBranchPoints="1" sequenceCoverage="100" branchCoverage="100" maxCyclomaticComplexity="1" minCyclomaticComplexity="1" maxCrapScore="2" minCrapScore="1" visitedClasses="1" numClasses="1" visitedMethods="1" numMethods="1" />
      <ModulePath>D:\MyExamples\PatientMonitoring\PatientVitalSignWriter.Test\bin\Debug\PatientVitalSignWriter.Test.dll</ModulePath>
      <ModuleTime>2019-09-11T19:49:23.6706236Z</ModuleTime>
      <ModuleName>PatientVitalSignWriter.Test</ModuleName>
      <Files>
        <File uid="61" fullPath="D:\MyExamples\PatientMonitoring\PatientVitalSignWriter.Test\PatientVitalSignWriterUnitTest.cs" />
      </Files>
      <Classes>
        <Class>
          <Summary numSequencePoints="8" visitedSequencePoints="8" numBranchPoints="1" visitedBranchPoints="1" sequenceCoverage="100" branchCoverage="100" maxCyclomaticComplexity="1" minCyclomaticComplexity="1" maxCrapScore="2" minCrapScore="1" visitedClasses="1" numClasses="1" visitedMethods="1" numMethods="1" />
          <FullName>PatientVitalSignWriter.Test.PatientVitalSignWriterUnitTest</FullName>
          <Methods>
            <Method visited="true" cyclomaticComplexity="1" nPathComplexity="0" sequenceCoverage="100" branchCoverage="100" crapScore="1" isConstructor="false" isStatic="false" isGetter="false" isSetter="false">
              <Summary numSequencePoints="8" visitedSequencePoints="8" numBranchPoints="1" visitedBranchPoints="1" sequenceCoverage="100" branchCoverage="100" maxCyclomaticComplexity="1" minCyclomaticComplexity="1" maxCrapScore="1" minCrapScore="1" visitedClasses="0" numClasses="0" visitedMethods="1" numMethods="1" />
              <MetadataToken>100663297</MetadataToken>
              <Name>System.Void PatientVitalSignWriter.Test.PatientVitalSignWriterUnitTest::Given_PatientId_Along_With_Json_Data_When_Invoke_StorePatientVitalSignsInDB_Valid_Json_Stores_In_Queue()</Name>
              <FileRef uid="61" />
              <SequencePoints>
                <SequencePoint vc="1" uspid="509" ordinal="0" offset="0" sl="15" sc="9" el="15" ec="10" bec="0" bev="0" fileid="61">
                  <TrackedMethodRefs>
                    <TrackedMethodRef uid="17" vc="1" />
                  </TrackedMethodRefs>
                </SequencePoint>
                <SequencePoint vc="1" uspid="510" ordinal="1" offset="1" sl="16" sc="13" el="16" ec="126" bec="0" bev="0" fileid="61">
                  <TrackedMethodRefs>
                    <TrackedMethodRef uid="17" vc="1" />
                  </TrackedMethodRefs>
                </SequencePoint>
                <SequencePoint vc="1" uspid="511" ordinal="2" offset="7" sl="17" sc="13" el="17" ec="94" bec="0" bev="0" fileid="61">
                  <TrackedMethodRefs>
                    <TrackedMethodRef uid="17" vc="1" />
                  </TrackedMethodRefs>
                </SequencePoint>
                <SequencePoint vc="1" uspid="512" ordinal="3" offset="13" sl="18" sc="13" el="18" ec="68" bec="0" bev="0" fileid="61">
                  <TrackedMethodRefs>
                    <TrackedMethodRef uid="17" vc="1" />
                  </TrackedMethodRefs>
                </SequencePoint>
                <SequencePoint vc="1" uspid="513" ordinal="4" offset="26" sl="20" sc="13" el="20" ec="74" bec="0" bev="0" fileid="61">
                  <TrackedMethodRefs>
                    <TrackedMethodRef uid="17" vc="1" />
                  </TrackedMethodRefs>
                </SequencePoint>
                <SequencePoint vc="1" uspid="514" ordinal="5" offset="32" sl="21" sc="13" el="21" ec="78" bec="0" bev="0" fileid="61">
                  <TrackedMethodRefs>
                    <TrackedMethodRef uid="17" vc="1" />
                  </TrackedMethodRefs>
                </SequencePoint>
                <SequencePoint vc="1" uspid="515" ordinal="6" offset="44" sl="22" sc="13" el="22" ec="52" bec="0" bev="0" fileid="61">
                  <TrackedMethodRefs>
                    <TrackedMethodRef uid="17" vc="1" />
                  </TrackedMethodRefs>
                </SequencePoint>
                <SequencePoint vc="1" uspid="516" ordinal="7" offset="52" sl="24" sc="9" el="24" ec="10" bec="0" bev="0" fileid="61">
                  <TrackedMethodRefs>
                    <TrackedMethodRef uid="17" vc="1" />
                  </TrackedMethodRefs>
                </SequencePoint>
              </SequencePoints>
              <BranchPoints />
              <MethodPoint xsi:type="SequencePoint" vc="1" uspid="509" ordinal="0" offset="0" sl="15" sc="9" el="15" ec="10" bec="0" bev="0" fileid="61">
                <TrackedMethodRefs>
                  <TrackedMethodRef uid="17" vc="1" />
                </TrackedMethodRefs>
              </MethodPoint>
            </Method>
            <Method visited="false" cyclomaticComplexity="1" nPathComplexity="0" sequenceCoverage="0" branchCoverage="0" crapScore="2" isConstructor="true" isStatic="false" isGetter="false" isSetter="false">
              <Summary numSequencePoints="0" visitedSequencePoints="0" numBranchPoints="0" visitedBranchPoints="0" sequenceCoverage="0" branchCoverage="0" maxCyclomaticComplexity="1" minCyclomaticComplexity="1" maxCrapScore="2" minCrapScore="2" visitedClasses="0" numClasses="0" visitedMethods="0" numMethods="0" />
              <MetadataToken>100663298</MetadataToken>
              <Name>System.Void PatientVitalSignWriter.Test.PatientVitalSignWriterUnitTest::.ctor()</Name>
              <SequencePoints />
              <BranchPoints />
              <MethodPoint vc="0" uspid="517" ordinal="0" offset="0" />
            </Method>
          </Methods>
        </Class>
      </Classes>
      <TrackedMethods>
        <TrackedMethod uid="17" token="100663297" name="System.Void PatientVitalSignWriter.Test.PatientVitalSignWriterUnitTest::Given_PatientId_Along_With_Json_Data_When_Invoke_StorePatientVitalSignsInDB_Valid_Json_Stores_In_Queue()" strategy="MSTestTest" />
      </TrackedMethods>
    </Module>
  </Modules>
</CoverageSession>